2024-02-07 17:01:10,085 ERROR [xxl-job, JobThread-4-1707296470080][VideoXxIJob.java:33] - ==============================================================================
2024-02-07 17:01:17,291 ERROR [xxl-job, JobThread-4-1707296470080][VideoXxIJob.java:37] - shardIndex0,shardTotal1
2024-02-07 17:01:17,296 ERROR [nioEventLoopGroup-3-1][EmbedServer.java:230] - >>>>>>>>>>> xxl-job provider netty_http server caught exception
java.io.IOException: 你的主机中的软件中止了一个已建立的连接。
	at java.base/sun.nio.ch.SocketDispatcher.read0(Native Method)
	at java.base/sun.nio.ch.SocketDispatcher.read(SocketDispatcher.java:46)
	at java.base/sun.nio.ch.IOUtil.readIntoNativeBuffer(IOUtil.java:330)
	at java.base/sun.nio.ch.IOUtil.read(IOUtil.java:284)
	at java.base/sun.nio.ch.IOUtil.read(IOUtil.java:259)
	at java.base/sun.nio.ch.SocketChannelImpl.read(SocketChannelImpl.java:417)
	at io.netty.buffer.PooledByteBuf.setBytes(PooledByteBuf.java:253)
	at io.netty.buffer.AbstractByteBuf.writeBytes(AbstractByteBuf.java:1134)
	at io.netty.channel.socket.nio.NioSocketChannel.doReadBytes(NioSocketChannel.java:350)
	at io.netty.channel.nio.AbstractNioByteChannel$NioByteUnsafe.read(AbstractNioByteChannel.java:151)
	at io.netty.channel.nio.NioEventLoop.processSelectedKey(NioEventLoop.java:719)
	at io.netty.channel.nio.NioEventLoop.processSelectedKeysOptimized(NioEventLoop.java:655)
	at io.netty.channel.nio.NioEventLoop.processSelectedKeys(NioEventLoop.java:581)
	at io.netty.channel.nio.NioEventLoop.run(NioEventLoop.java:493)
	at io.netty.util.concurrent.SingleThreadEventExecutor$4.run(SingleThreadEventExecutor.java:989)
	at io.netty.util.internal.ThreadExecutorMap$2.run(ThreadExecutorMap.java:74)
	at io.netty.util.concurrent.FastThreadLocalRunnable.run(FastThreadLocalRunnable.java:30)
	at java.base/java.lang.Thread.run(Thread.java:833)
2024-02-07 17:04:25,099 ERROR [xxl-job, JobThread-4-1707296665094][VideoXxIJob.java:33] - ==============================================================================
2024-02-07 17:04:25,099 ERROR [xxl-job, JobThread-4-1707296665094][VideoXxIJob.java:37] - shardIndex0,shardTotal1
2024-02-07 17:05:35,088 ERROR [xxl-job, JobThread-4-1707296735083][VideoXxIJob.java:33] - ==============================================================================
2024-02-07 17:05:35,088 ERROR [xxl-job, JobThread-4-1707296735083][VideoXxIJob.java:37] - shardIndex0,shardTotal1
2024-02-07 17:09:10,088 ERROR [xxl-job, JobThread-4-1707296950084][VideoXxIJob.java:33] - ==============================================================================
2024-02-07 17:09:16,137 ERROR [xxl-job, JobThread-4-1707296950084][VideoXxIJob.java:37] - shardIndex0,shardTotal1
2024-02-07 17:09:16,143 ERROR [nioEventLoopGroup-3-1][EmbedServer.java:230] - >>>>>>>>>>> xxl-job provider netty_http server caught exception
java.io.IOException: 你的主机中的软件中止了一个已建立的连接。
	at java.base/sun.nio.ch.SocketDispatcher.read0(Native Method)
	at java.base/sun.nio.ch.SocketDispatcher.read(SocketDispatcher.java:46)
	at java.base/sun.nio.ch.IOUtil.readIntoNativeBuffer(IOUtil.java:330)
	at java.base/sun.nio.ch.IOUtil.read(IOUtil.java:284)
	at java.base/sun.nio.ch.IOUtil.read(IOUtil.java:259)
	at java.base/sun.nio.ch.SocketChannelImpl.read(SocketChannelImpl.java:417)
	at io.netty.buffer.PooledByteBuf.setBytes(PooledByteBuf.java:253)
	at io.netty.buffer.AbstractByteBuf.writeBytes(AbstractByteBuf.java:1134)
	at io.netty.channel.socket.nio.NioSocketChannel.doReadBytes(NioSocketChannel.java:350)
	at io.netty.channel.nio.AbstractNioByteChannel$NioByteUnsafe.read(AbstractNioByteChannel.java:151)
	at io.netty.channel.nio.NioEventLoop.processSelectedKey(NioEventLoop.java:719)
	at io.netty.channel.nio.NioEventLoop.processSelectedKeysOptimized(NioEventLoop.java:655)
	at io.netty.channel.nio.NioEventLoop.processSelectedKeys(NioEventLoop.java:581)
	at io.netty.channel.nio.NioEventLoop.run(NioEventLoop.java:493)
	at io.netty.util.concurrent.SingleThreadEventExecutor$4.run(SingleThreadEventExecutor.java:989)
	at io.netty.util.internal.ThreadExecutorMap$2.run(ThreadExecutorMap.java:74)
	at io.netty.util.concurrent.FastThreadLocalRunnable.run(FastThreadLocalRunnable.java:30)
	at java.base/java.lang.Thread.run(Thread.java:833)
2024-02-07 17:09:43,185 ERROR [pool-2-thread-1][VideoXxIJob.java:119] - 文件拓展名不是avi!
2024-02-07 17:09:43,185 ERROR [pool-2-thread-2][VideoXxIJob.java:119] - 文件拓展名不是avi!
2024-02-07 17:09:51,962 ERROR [pool-2-thread-3][VideoXxIJob.java:119] - null
2024-02-07 17:10:30,092 ERROR [xxl-job, JobThread-4-1707297030088][VideoXxIJob.java:33] - ==============================================================================
2024-02-07 17:10:30,093 ERROR [xxl-job, JobThread-4-1707297030088][VideoXxIJob.java:37] - shardIndex0,shardTotal1
2024-02-07 17:11:57,008 ERROR [xxl-job, JobThread-2-1707297117006][SampleXxlJob.java:46] - 执行器开始执行调度任务
2024-02-07 17:12:00,008 ERROR [xxl-job, JobThread-2-1707297117006][SampleXxlJob.java:46] - 执行器开始执行调度任务
2024-02-07 17:12:03,005 ERROR [xxl-job, JobThread-2-1707297117006][SampleXxlJob.java:46] - 执行器开始执行调度任务
2024-02-07 17:12:06,008 ERROR [xxl-job, JobThread-2-1707297117006][SampleXxlJob.java:46] - 执行器开始执行调度任务
2024-02-07 17:12:09,008 ERROR [xxl-job, JobThread-2-1707297117006][SampleXxlJob.java:46] - 执行器开始执行调度任务
2024-02-07 17:12:12,008 ERROR [xxl-job, JobThread-2-1707297117006][SampleXxlJob.java:46] - 执行器开始执行调度任务
2024-02-07 17:12:15,012 ERROR [xxl-job, JobThread-2-1707297117006][SampleXxlJob.java:46] - 执行器开始执行调度任务
2024-02-07 17:12:18,004 ERROR [xxl-job, JobThread-2-1707297117006][SampleXxlJob.java:46] - 执行器开始执行调度任务
2024-02-07 17:12:21,007 ERROR [xxl-job, JobThread-2-1707297117006][SampleXxlJob.java:46] - 执行器开始执行调度任务
2024-02-07 17:12:24,005 ERROR [xxl-job, JobThread-2-1707297117006][SampleXxlJob.java:46] - 执行器开始执行调度任务
2024-02-07 17:12:27,008 ERROR [xxl-job, JobThread-2-1707297117006][SampleXxlJob.java:46] - 执行器开始执行调度任务
2024-02-07 17:12:30,007 ERROR [xxl-job, JobThread-2-1707297117006][SampleXxlJob.java:46] - 执行器开始执行调度任务
2024-02-07 17:12:33,005 ERROR [xxl-job, JobThread-2-1707297117006][SampleXxlJob.java:46] - 执行器开始执行调度任务
2024-02-07 17:12:36,007 ERROR [xxl-job, JobThread-2-1707297117006][SampleXxlJob.java:46] - 执行器开始执行调度任务
2024-02-07 17:12:39,009 ERROR [xxl-job, JobThread-2-1707297117006][SampleXxlJob.java:46] - 执行器开始执行调度任务
2024-02-07 17:12:42,009 ERROR [xxl-job, JobThread-2-1707297117006][SampleXxlJob.java:46] - 执行器开始执行调度任务
2024-02-07 17:15:57,102 ERROR [xxl-job, JobThread-4-1707297357098][VideoXxIJob.java:37] - shardIndex0,shardTotal1
2024-02-07 17:24:09,087 ERROR [xxl-job, JobThread-4-1707297849083][SampleXxlJob.java:67] - shardIndex0,shardTotal1
2024-02-07 17:24:17,048 ERROR [pool-2-thread-1][SampleXxlJob.java:149] - null
2024-02-07 17:25:57,009 ERROR [xxl-job, JobThread-2-1707297957006][SampleXxlJob.java:52] - 执行器开始执行调度任务
2024-02-07 17:26:00,007 ERROR [xxl-job, JobThread-2-1707297957006][SampleXxlJob.java:52] - 执行器开始执行调度任务
2024-02-07 17:26:03,004 ERROR [xxl-job, JobThread-2-1707297957006][SampleXxlJob.java:52] - 执行器开始执行调度任务
2024-02-07 17:26:06,007 ERROR [xxl-job, JobThread-2-1707297957006][SampleXxlJob.java:52] - 执行器开始执行调度任务
2024-02-07 17:26:09,005 ERROR [xxl-job, JobThread-2-1707297957006][SampleXxlJob.java:52] - 执行器开始执行调度任务
2024-02-07 17:26:12,005 ERROR [xxl-job, JobThread-2-1707297957006][SampleXxlJob.java:52] - 执行器开始执行调度任务
2024-02-07 17:26:15,010 ERROR [xxl-job, JobThread-2-1707297957006][SampleXxlJob.java:52] - 执行器开始执行调度任务
2024-02-07 17:26:18,004 ERROR [xxl-job, JobThread-2-1707297957006][SampleXxlJob.java:52] - 执行器开始执行调度任务
2024-02-07 17:26:21,005 ERROR [xxl-job, JobThread-2-1707297957006][SampleXxlJob.java:52] - 执行器开始执行调度任务
2024-02-07 17:26:24,007 ERROR [xxl-job, JobThread-2-1707297984005][SampleXxlJob.java:67] - shardIndex0,shardTotal1
2024-02-07 17:27:45,136 ERROR [xxl-job, JobThread-2-1707298065131][SampleXxlJob.java:67] - shardIndex0,shardTotal1
2024-02-07 17:27:48,006 ERROR [xxl-job, JobThread-2-1707298065131][SampleXxlJob.java:67] - shardIndex0,shardTotal1
2024-02-07 17:27:51,008 ERROR [xxl-job, JobThread-2-1707298065131][SampleXxlJob.java:67] - shardIndex0,shardTotal1
2024-02-07 17:27:54,009 ERROR [xxl-job, JobThread-2-1707298065131][SampleXxlJob.java:67] - shardIndex0,shardTotal1
2024-02-07 17:27:57,006 ERROR [xxl-job, JobThread-2-1707298065131][SampleXxlJob.java:67] - shardIndex0,shardTotal1
2024-02-07 17:28:00,008 ERROR [xxl-job, JobThread-2-1707298065131][SampleXxlJob.java:67] - shardIndex0,shardTotal1
2024-02-07 17:28:03,005 ERROR [xxl-job, JobThread-2-1707298065131][SampleXxlJob.java:67] - shardIndex0,shardTotal1
2024-02-07 17:28:06,008 ERROR [xxl-job, JobThread-2-1707298065131][SampleXxlJob.java:67] - shardIndex0,shardTotal1
2024-02-07 17:28:09,008 ERROR [xxl-job, JobThread-2-1707298065131][SampleXxlJob.java:67] - shardIndex0,shardTotal1
2024-02-07 17:28:12,004 ERROR [xxl-job, JobThread-2-1707298065131][SampleXxlJob.java:67] - shardIndex0,shardTotal1
2024-02-07 17:28:15,007 ERROR [xxl-job, JobThread-2-1707298065131][SampleXxlJob.java:67] - shardIndex0,shardTotal1
2024-02-07 17:28:18,004 ERROR [xxl-job, JobThread-2-1707298065131][SampleXxlJob.java:67] - shardIndex0,shardTotal1
2024-02-07 17:28:21,008 ERROR [xxl-job, JobThread-2-1707298065131][SampleXxlJob.java:67] - shardIndex0,shardTotal1
2024-02-07 17:28:24,009 ERROR [xxl-job, JobThread-2-1707298065131][SampleXxlJob.java:67] - shardIndex0,shardTotal1
2024-02-07 17:28:27,004 ERROR [xxl-job, JobThread-2-1707298065131][SampleXxlJob.java:67] - shardIndex0,shardTotal1
2024-02-07 17:28:30,008 ERROR [xxl-job, JobThread-2-1707298065131][SampleXxlJob.java:67] - shardIndex0,shardTotal1
2024-02-07 17:28:33,008 ERROR [xxl-job, JobThread-2-1707298065131][SampleXxlJob.java:67] - shardIndex0,shardTotal1
2024-02-07 17:28:36,007 ERROR [xxl-job, JobThread-2-1707298065131][SampleXxlJob.java:67] - shardIndex0,shardTotal1
2024-02-07 17:28:39,008 ERROR [xxl-job, JobThread-2-1707298065131][SampleXxlJob.java:67] - shardIndex0,shardTotal1
2024-02-07 17:28:42,004 ERROR [xxl-job, JobThread-2-1707298065131][SampleXxlJob.java:67] - shardIndex0,shardTotal1
2024-02-07 17:28:45,004 ERROR [xxl-job, JobThread-2-1707298065131][SampleXxlJob.java:67] - shardIndex0,shardTotal1
2024-02-07 17:28:48,005 ERROR [xxl-job, JobThread-2-1707298065131][SampleXxlJob.java:67] - shardIndex0,shardTotal1
2024-02-07 17:28:51,010 ERROR [xxl-job, JobThread-2-1707298065131][SampleXxlJob.java:67] - shardIndex0,shardTotal1
2024-02-07 17:28:54,010 ERROR [xxl-job, JobThread-2-1707298065131][SampleXxlJob.java:67] - shardIndex0,shardTotal1
2024-02-07 17:28:57,004 ERROR [xxl-job, JobThread-2-1707298065131][SampleXxlJob.java:67] - shardIndex0,shardTotal1
2024-02-07 17:29:00,009 ERROR [xxl-job, JobThread-2-1707298065131][SampleXxlJob.java:67] - shardIndex0,shardTotal1
2024-02-07 17:29:03,005 ERROR [xxl-job, JobThread-2-1707298065131][SampleXxlJob.java:67] - shardIndex0,shardTotal1
2024-02-07 17:29:06,008 ERROR [xxl-job, JobThread-2-1707298065131][SampleXxlJob.java:67] - shardIndex0,shardTotal1
2024-02-07 17:29:09,005 ERROR [xxl-job, JobThread-2-1707298065131][SampleXxlJob.java:67] - shardIndex0,shardTotal1
2024-02-07 17:29:12,005 ERROR [xxl-job, JobThread-2-1707298065131][SampleXxlJob.java:67] - shardIndex0,shardTotal1
2024-02-07 17:29:15,007 ERROR [xxl-job, JobThread-2-1707298065131][SampleXxlJob.java:67] - shardIndex0,shardTotal1
2024-02-07 17:29:18,005 ERROR [xxl-job, JobThread-2-1707298065131][SampleXxlJob.java:67] - shardIndex0,shardTotal1
2024-02-07 17:29:21,007 ERROR [xxl-job, JobThread-2-1707298065131][SampleXxlJob.java:67] - shardIndex0,shardTotal1
2024-02-07 17:29:24,009 ERROR [xxl-job, JobThread-2-1707298065131][SampleXxlJob.java:67] - shardIndex0,shardTotal1
2024-02-07 17:29:27,004 ERROR [xxl-job, JobThread-2-1707298065131][SampleXxlJob.java:67] - shardIndex0,shardTotal1
2024-02-07 17:29:30,006 ERROR [xxl-job, JobThread-2-1707298065131][SampleXxlJob.java:67] - shardIndex0,shardTotal1
2024-02-07 17:29:33,008 ERROR [xxl-job, JobThread-2-1707298065131][SampleXxlJob.java:67] - shardIndex0,shardTotal1
2024-02-07 17:29:36,007 ERROR [xxl-job, JobThread-2-1707298065131][SampleXxlJob.java:67] - shardIndex0,shardTotal1
2024-02-07 17:29:39,007 ERROR [xxl-job, JobThread-2-1707298065131][SampleXxlJob.java:67] - shardIndex0,shardTotal1
2024-02-07 17:29:42,004 ERROR [xxl-job, JobThread-2-1707298065131][SampleXxlJob.java:67] - shardIndex0,shardTotal1
2024-02-07 17:29:45,007 ERROR [xxl-job, JobThread-2-1707298065131][SampleXxlJob.java:67] - shardIndex0,shardTotal1
2024-02-07 17:29:48,005 ERROR [xxl-job, JobThread-2-1707298065131][SampleXxlJob.java:67] - shardIndex0,shardTotal1
2024-02-07 17:29:51,007 ERROR [xxl-job, JobThread-2-1707298065131][SampleXxlJob.java:67] - shardIndex0,shardTotal1
2024-02-07 17:29:54,006 ERROR [xxl-job, JobThread-2-1707298065131][SampleXxlJob.java:67] - shardIndex0,shardTotal1
2024-02-07 17:29:57,004 ERROR [xxl-job, JobThread-2-1707298065131][SampleXxlJob.java:67] - shardIndex0,shardTotal1
2024-02-07 17:30:00,008 ERROR [xxl-job, JobThread-2-1707298065131][SampleXxlJob.java:67] - shardIndex0,shardTotal1
2024-02-07 17:30:03,006 ERROR [xxl-job, JobThread-2-1707298065131][SampleXxlJob.java:67] - shardIndex0,shardTotal1
2024-02-07 17:30:06,005 ERROR [xxl-job, JobThread-2-1707298065131][SampleXxlJob.java:67] - shardIndex0,shardTotal1
2024-02-07 17:30:09,007 ERROR [xxl-job, JobThread-2-1707298065131][SampleXxlJob.java:67] - shardIndex0,shardTotal1
2024-02-07 17:30:12,004 ERROR [xxl-job, JobThread-2-1707298065131][SampleXxlJob.java:67] - shardIndex0,shardTotal1
2024-02-07 17:30:15,006 ERROR [xxl-job, JobThread-2-1707298065131][SampleXxlJob.java:67] - shardIndex0,shardTotal1
2024-02-07 17:30:18,005 ERROR [xxl-job, JobThread-2-1707298065131][SampleXxlJob.java:67] - shardIndex0,shardTotal1
2024-02-07 17:30:21,032 ERROR [xxl-job, JobThread-2-1707298065131][SampleXxlJob.java:67] - shardIndex0,shardTotal1
2024-02-07 17:30:24,005 ERROR [xxl-job, JobThread-2-1707298065131][SampleXxlJob.java:67] - shardIndex0,shardTotal1
2024-02-07 17:30:27,005 ERROR [xxl-job, JobThread-2-1707298065131][SampleXxlJob.java:67] - shardIndex0,shardTotal1
2024-02-07 17:30:30,007 ERROR [xxl-job, JobThread-2-1707298065131][SampleXxlJob.java:67] - shardIndex0,shardTotal1
2024-02-07 17:30:33,007 ERROR [xxl-job, JobThread-2-1707298065131][SampleXxlJob.java:67] - shardIndex0,shardTotal1
2024-02-07 17:30:36,009 ERROR [xxl-job, JobThread-2-1707298065131][SampleXxlJob.java:67] - shardIndex0,shardTotal1
2024-02-07 17:30:39,007 ERROR [xxl-job, JobThread-2-1707298065131][SampleXxlJob.java:67] - shardIndex0,shardTotal1
2024-02-07 17:30:42,004 ERROR [xxl-job, JobThread-2-1707298065131][SampleXxlJob.java:67] - shardIndex0,shardTotal1
2024-02-07 17:30:45,006 ERROR [xxl-job, JobThread-2-1707298065131][SampleXxlJob.java:67] - shardIndex0,shardTotal1
2024-02-07 17:30:48,004 ERROR [xxl-job, JobThread-2-1707298065131][SampleXxlJob.java:67] - shardIndex0,shardTotal1
2024-02-07 17:30:51,009 ERROR [xxl-job, JobThread-2-1707298065131][SampleXxlJob.java:67] - shardIndex0,shardTotal1
2024-02-07 17:30:54,009 ERROR [xxl-job, JobThread-2-1707298065131][SampleXxlJob.java:67] - shardIndex0,shardTotal1
2024-02-07 17:30:57,004 ERROR [xxl-job, JobThread-2-1707298065131][SampleXxlJob.java:67] - shardIndex0,shardTotal1
2024-02-07 17:31:00,009 ERROR [xxl-job, JobThread-2-1707298065131][SampleXxlJob.java:67] - shardIndex0,shardTotal1
2024-02-07 17:31:03,005 ERROR [xxl-job, JobThread-2-1707298065131][SampleXxlJob.java:67] - shardIndex0,shardTotal1
2024-02-07 17:31:06,007 ERROR [xxl-job, JobThread-2-1707298065131][SampleXxlJob.java:67] - shardIndex0,shardTotal1
2024-02-07 17:31:09,007 ERROR [xxl-job, JobThread-2-1707298065131][SampleXxlJob.java:67] - shardIndex0,shardTotal1
2024-02-07 17:31:12,005 ERROR [xxl-job, JobThread-2-1707298065131][SampleXxlJob.java:67] - shardIndex0,shardTotal1
2024-02-07 17:31:15,004 ERROR [xxl-job, JobThread-2-1707298065131][SampleXxlJob.java:67] - shardIndex0,shardTotal1
2024-02-07 17:31:18,004 ERROR [xxl-job, JobThread-2-1707298065131][SampleXxlJob.java:67] - shardIndex0,shardTotal1
2024-02-07 17:31:21,008 ERROR [xxl-job, JobThread-2-1707298065131][SampleXxlJob.java:67] - shardIndex0,shardTotal1
2024-02-07 17:31:24,006 ERROR [xxl-job, JobThread-2-1707298065131][SampleXxlJob.java:67] - shardIndex0,shardTotal1
2024-02-07 17:31:27,004 ERROR [xxl-job, JobThread-2-1707298065131][SampleXxlJob.java:67] - shardIndex0,shardTotal1
2024-02-07 17:31:30,004 ERROR [xxl-job, JobThread-2-1707298065131][SampleXxlJob.java:67] - shardIndex0,shardTotal1
2024-02-07 17:31:33,005 ERROR [xxl-job, JobThread-2-1707298065131][SampleXxlJob.java:67] - shardIndex0,shardTotal1
2024-02-07 17:31:36,008 ERROR [xxl-job, JobThread-2-1707298065131][SampleXxlJob.java:67] - shardIndex0,shardTotal1
2024-02-07 17:31:39,008 ERROR [xxl-job, JobThread-2-1707298065131][SampleXxlJob.java:67] - shardIndex0,shardTotal1
2024-02-07 17:31:42,005 ERROR [xxl-job, JobThread-2-1707298065131][SampleXxlJob.java:67] - shardIndex0,shardTotal1
2024-02-07 17:31:45,010 ERROR [xxl-job, JobThread-2-1707298065131][SampleXxlJob.java:67] - shardIndex0,shardTotal1
2024-02-07 17:31:48,005 ERROR [xxl-job, JobThread-2-1707298065131][SampleXxlJob.java:67] - shardIndex0,shardTotal1
2024-02-07 17:31:51,007 ERROR [xxl-job, JobThread-2-1707298065131][SampleXxlJob.java:67] - shardIndex0,shardTotal1
2024-02-07 17:31:54,007 ERROR [xxl-job, JobThread-2-1707298065131][SampleXxlJob.java:67] - shardIndex0,shardTotal1
2024-02-07 17:31:57,006 ERROR [xxl-job, JobThread-2-1707298065131][SampleXxlJob.java:67] - shardIndex0,shardTotal1
2024-02-07 17:32:00,007 ERROR [xxl-job, JobThread-2-1707298065131][SampleXxlJob.java:67] - shardIndex0,shardTotal1
2024-02-07 17:32:03,004 ERROR [xxl-job, JobThread-2-1707298065131][SampleXxlJob.java:67] - shardIndex0,shardTotal1
2024-02-07 17:32:06,008 ERROR [xxl-job, JobThread-2-1707298065131][SampleXxlJob.java:67] - shardIndex0,shardTotal1
2024-02-07 17:32:09,004 ERROR [xxl-job, JobThread-2-1707298065131][SampleXxlJob.java:67] - shardIndex0,shardTotal1
2024-02-07 17:32:12,005 ERROR [xxl-job, JobThread-2-1707298065131][SampleXxlJob.java:67] - shardIndex0,shardTotal1
2024-02-07 17:32:15,003 ERROR [xxl-job, JobThread-2-1707298065131][SampleXxlJob.java:67] - shardIndex0,shardTotal1
2024-02-07 17:32:18,004 ERROR [xxl-job, JobThread-2-1707298065131][SampleXxlJob.java:67] - shardIndex0,shardTotal1
2024-02-07 17:32:21,004 ERROR [xxl-job, JobThread-2-1707298065131][SampleXxlJob.java:67] - shardIndex0,shardTotal1
2024-02-07 17:32:24,005 ERROR [xxl-job, JobThread-2-1707298065131][SampleXxlJob.java:67] - shardIndex0,shardTotal1
2024-02-07 17:32:27,004 ERROR [xxl-job, JobThread-2-1707298065131][SampleXxlJob.java:67] - shardIndex0,shardTotal1
2024-02-07 17:32:30,004 ERROR [xxl-job, JobThread-2-1707298065131][SampleXxlJob.java:67] - shardIndex0,shardTotal1
2024-02-07 17:32:33,007 ERROR [xxl-job, JobThread-2-1707298065131][SampleXxlJob.java:67] - shardIndex0,shardTotal1
2024-02-07 17:32:36,004 ERROR [xxl-job, JobThread-2-1707298065131][SampleXxlJob.java:67] - shardIndex0,shardTotal1
2024-02-07 17:32:39,007 ERROR [xxl-job, JobThread-2-1707298065131][SampleXxlJob.java:67] - shardIndex0,shardTotal1
2024-02-07 17:32:42,004 ERROR [xxl-job, JobThread-2-1707298065131][SampleXxlJob.java:67] - shardIndex0,shardTotal1
2024-02-07 17:32:45,008 ERROR [xxl-job, JobThread-2-1707298065131][SampleXxlJob.java:67] - shardIndex0,shardTotal1
2024-02-07 17:32:48,004 ERROR [xxl-job, JobThread-2-1707298065131][SampleXxlJob.java:67] - shardIndex0,shardTotal1
2024-02-07 17:32:51,004 ERROR [xxl-job, JobThread-2-1707298065131][SampleXxlJob.java:67] - shardIndex0,shardTotal1
2024-02-07 17:32:54,007 ERROR [xxl-job, JobThread-2-1707298065131][SampleXxlJob.java:67] - shardIndex0,shardTotal1
2024-02-07 17:32:57,005 ERROR [xxl-job, JobThread-2-1707298065131][SampleXxlJob.java:67] - shardIndex0,shardTotal1
2024-02-07 17:33:00,005 ERROR [xxl-job, JobThread-2-1707298065131][SampleXxlJob.java:67] - shardIndex0,shardTotal1
2024-02-07 17:33:03,005 ERROR [xxl-job, JobThread-2-1707298065131][SampleXxlJob.java:67] - shardIndex0,shardTotal1
2024-02-07 17:33:06,005 ERROR [xxl-job, JobThread-2-1707298065131][SampleXxlJob.java:67] - shardIndex0,shardTotal1
2024-02-07 17:33:09,004 ERROR [xxl-job, JobThread-2-1707298065131][SampleXxlJob.java:67] - shardIndex0,shardTotal1
2024-02-07 17:33:12,005 ERROR [xxl-job, JobThread-2-1707298065131][SampleXxlJob.java:67] - shardIndex0,shardTotal1
2024-02-07 17:33:15,004 ERROR [xxl-job, JobThread-2-1707298065131][SampleXxlJob.java:67] - shardIndex0,shardTotal1
2024-02-07 17:33:18,006 ERROR [xxl-job, JobThread-2-1707298065131][SampleXxlJob.java:67] - shardIndex0,shardTotal1
2024-02-07 17:33:21,004 ERROR [xxl-job, JobThread-2-1707298065131][SampleXxlJob.java:67] - shardIndex0,shardTotal1
2024-02-07 17:33:24,007 ERROR [xxl-job, JobThread-2-1707298065131][SampleXxlJob.java:67] - shardIndex0,shardTotal1
2024-02-07 17:33:27,004 ERROR [xxl-job, JobThread-2-1707298065131][SampleXxlJob.java:67] - shardIndex0,shardTotal1
2024-02-07 17:33:30,004 ERROR [xxl-job, JobThread-2-1707298065131][SampleXxlJob.java:67] - shardIndex0,shardTotal1
2024-02-07 17:33:33,004 ERROR [xxl-job, JobThread-2-1707298065131][SampleXxlJob.java:67] - shardIndex0,shardTotal1
2024-02-07 17:33:36,004 ERROR [xxl-job, JobThread-2-1707298065131][SampleXxlJob.java:67] - shardIndex0,shardTotal1
2024-02-07 17:33:39,005 ERROR [xxl-job, JobThread-2-1707298065131][SampleXxlJob.java:67] - shardIndex0,shardTotal1
2024-02-07 17:33:42,004 ERROR [xxl-job, JobThread-2-1707298065131][SampleXxlJob.java:67] - shardIndex0,shardTotal1
2024-02-07 17:33:45,007 ERROR [xxl-job, JobThread-2-1707298065131][SampleXxlJob.java:67] - shardIndex0,shardTotal1
2024-02-07 17:33:48,004 ERROR [xxl-job, JobThread-2-1707298065131][SampleXxlJob.java:67] - shardIndex0,shardTotal1
2024-02-07 17:33:51,005 ERROR [xxl-job, JobThread-2-1707298065131][SampleXxlJob.java:67] - shardIndex0,shardTotal1
2024-02-07 17:33:54,006 ERROR [xxl-job, JobThread-2-1707298065131][SampleXxlJob.java:67] - shardIndex0,shardTotal1
2024-02-07 17:33:57,005 ERROR [xxl-job, JobThread-2-1707298065131][SampleXxlJob.java:67] - shardIndex0,shardTotal1
2024-02-07 17:34:00,006 ERROR [xxl-job, JobThread-2-1707298065131][SampleXxlJob.java:67] - shardIndex0,shardTotal1
2024-02-07 17:34:03,005 ERROR [xxl-job, JobThread-2-1707298065131][SampleXxlJob.java:67] - shardIndex0,shardTotal1
2024-02-07 17:34:06,007 ERROR [xxl-job, JobThread-2-1707298065131][SampleXxlJob.java:67] - shardIndex0,shardTotal1
2024-02-07 17:34:09,008 ERROR [xxl-job, JobThread-2-1707298065131][SampleXxlJob.java:67] - shardIndex0,shardTotal1
2024-02-07 17:34:12,004 ERROR [xxl-job, JobThread-2-1707298065131][SampleXxlJob.java:67] - shardIndex0,shardTotal1
2024-02-07 17:34:15,007 ERROR [xxl-job, JobThread-2-1707298065131][SampleXxlJob.java:67] - shardIndex0,shardTotal1
2024-02-07 17:34:18,003 ERROR [xxl-job, JobThread-2-1707298065131][SampleXxlJob.java:67] - shardIndex0,shardTotal1
2024-02-07 17:34:21,008 ERROR [xxl-job, JobThread-2-1707298065131][SampleXxlJob.java:67] - shardIndex0,shardTotal1
2024-02-07 17:34:24,004 ERROR [xxl-job, JobThread-2-1707298065131][SampleXxlJob.java:67] - shardIndex0,shardTotal1
2024-02-07 17:34:27,004 ERROR [xxl-job, JobThread-2-1707298065131][SampleXxlJob.java:67] - shardIndex0,shardTotal1
2024-02-07 17:34:30,006 ERROR [xxl-job, JobThread-2-1707298065131][SampleXxlJob.java:67] - shardIndex0,shardTotal1
2024-02-07 17:34:33,005 ERROR [xxl-job, JobThread-2-1707298065131][SampleXxlJob.java:67] - shardIndex0,shardTotal1
2024-02-07 17:34:36,007 ERROR [xxl-job, JobThread-2-1707298065131][SampleXxlJob.java:67] - shardIndex0,shardTotal1
2024-02-07 17:34:39,008 ERROR [xxl-job, JobThread-2-1707298065131][SampleXxlJob.java:67] - shardIndex0,shardTotal1
2024-02-07 17:34:42,005 ERROR [xxl-job, JobThread-2-1707298065131][SampleXxlJob.java:67] - shardIndex0,shardTotal1
2024-02-07 17:34:45,007 ERROR [xxl-job, JobThread-2-1707298065131][SampleXxlJob.java:67] - shardIndex0,shardTotal1
2024-02-07 17:34:48,004 ERROR [xxl-job, JobThread-2-1707298065131][SampleXxlJob.java:67] - shardIndex0,shardTotal1
2024-02-07 17:34:51,007 ERROR [xxl-job, JobThread-2-1707298065131][SampleXxlJob.java:67] - shardIndex0,shardTotal1
2024-02-07 17:34:54,005 ERROR [xxl-job, JobThread-2-1707298065131][SampleXxlJob.java:67] - shardIndex0,shardTotal1
2024-02-07 17:34:57,004 ERROR [xxl-job, JobThread-2-1707298065131][SampleXxlJob.java:67] - shardIndex0,shardTotal1
2024-02-07 17:35:00,008 ERROR [xxl-job, JobThread-2-1707298065131][SampleXxlJob.java:67] - shardIndex0,shardTotal1
2024-02-07 17:35:03,004 ERROR [xxl-job, JobThread-2-1707298065131][SampleXxlJob.java:67] - shardIndex0,shardTotal1
2024-02-07 17:35:06,006 ERROR [xxl-job, JobThread-2-1707298065131][SampleXxlJob.java:67] - shardIndex0,shardTotal1
2024-02-07 17:35:09,007 ERROR [xxl-job, JobThread-2-1707298065131][SampleXxlJob.java:67] - shardIndex0,shardTotal1
2024-02-07 17:35:12,005 ERROR [xxl-job, JobThread-2-1707298065131][SampleXxlJob.java:67] - shardIndex0,shardTotal1
2024-02-07 17:35:15,007 ERROR [xxl-job, JobThread-2-1707298065131][SampleXxlJob.java:67] - shardIndex0,shardTotal1
2024-02-07 17:35:18,004 ERROR [xxl-job, JobThread-2-1707298065131][SampleXxlJob.java:67] - shardIndex0,shardTotal1
2024-02-07 17:35:21,007 ERROR [xxl-job, JobThread-2-1707298065131][SampleXxlJob.java:67] - shardIndex0,shardTotal1
2024-02-07 17:35:24,008 ERROR [xxl-job, JobThread-2-1707298065131][SampleXxlJob.java:67] - shardIndex0,shardTotal1
2024-02-07 17:35:27,004 ERROR [xxl-job, JobThread-2-1707298065131][SampleXxlJob.java:67] - shardIndex0,shardTotal1
2024-02-07 17:35:30,007 ERROR [xxl-job, JobThread-2-1707298065131][SampleXxlJob.java:67] - shardIndex0,shardTotal1
2024-02-07 17:35:33,005 ERROR [xxl-job, JobThread-2-1707298065131][SampleXxlJob.java:67] - shardIndex0,shardTotal1
2024-02-07 17:35:36,006 ERROR [xxl-job, JobThread-2-1707298065131][SampleXxlJob.java:67] - shardIndex0,shardTotal1
2024-02-07 17:35:39,007 ERROR [xxl-job, JobThread-2-1707298065131][SampleXxlJob.java:67] - shardIndex0,shardTotal1
2024-02-07 17:35:42,005 ERROR [xxl-job, JobThread-2-1707298065131][SampleXxlJob.java:67] - shardIndex0,shardTotal1
2024-02-07 17:35:45,007 ERROR [xxl-job, JobThread-2-1707298065131][SampleXxlJob.java:67] - shardIndex0,shardTotal1
2024-02-07 17:35:48,004 ERROR [xxl-job, JobThread-2-1707298065131][SampleXxlJob.java:67] - shardIndex0,shardTotal1
2024-02-07 17:35:51,008 ERROR [xxl-job, JobThread-2-1707298065131][SampleXxlJob.java:67] - shardIndex0,shardTotal1
2024-02-07 17:35:54,006 ERROR [xxl-job, JobThread-2-1707298065131][SampleXxlJob.java:67] - shardIndex0,shardTotal1
2024-02-07 17:35:57,007 ERROR [xxl-job, JobThread-2-1707298065131][SampleXxlJob.java:67] - shardIndex0,shardTotal1
2024-02-07 17:36:00,005 ERROR [xxl-job, JobThread-2-1707298065131][SampleXxlJob.java:67] - shardIndex0,shardTotal1
2024-02-07 17:36:03,004 ERROR [xxl-job, JobThread-2-1707298065131][SampleXxlJob.java:67] - shardIndex0,shardTotal1
2024-02-07 17:36:06,006 ERROR [xxl-job, JobThread-2-1707298065131][SampleXxlJob.java:67] - shardIndex0,shardTotal1
2024-02-07 17:36:09,004 ERROR [xxl-job, JobThread-2-1707298065131][SampleXxlJob.java:67] - shardIndex0,shardTotal1
2024-02-07 17:36:12,005 ERROR [xxl-job, JobThread-2-1707298065131][SampleXxlJob.java:67] - shardIndex0,shardTotal1
2024-02-07 17:36:15,005 ERROR [xxl-job, JobThread-2-1707298065131][SampleXxlJob.java:67] - shardIndex0,shardTotal1
2024-02-07 17:36:18,004 ERROR [xxl-job, JobThread-2-1707298065131][SampleXxlJob.java:67] - shardIndex0,shardTotal1
2024-02-07 17:36:21,007 ERROR [xxl-job, JobThread-2-1707298065131][SampleXxlJob.java:67] - shardIndex0,shardTotal1
2024-02-07 17:36:24,007 ERROR [xxl-job, JobThread-2-1707298065131][SampleXxlJob.java:67] - shardIndex0,shardTotal1
2024-02-07 17:36:27,005 ERROR [xxl-job, JobThread-2-1707298065131][SampleXxlJob.java:67] - shardIndex0,shardTotal1
2024-02-07 17:36:30,005 ERROR [xxl-job, JobThread-2-1707298065131][SampleXxlJob.java:67] - shardIndex0,shardTotal1
2024-02-07 17:36:33,006 ERROR [xxl-job, JobThread-2-1707298065131][SampleXxlJob.java:67] - shardIndex0,shardTotal1
2024-02-07 17:36:36,007 ERROR [xxl-job, JobThread-2-1707298065131][SampleXxlJob.java:67] - shardIndex0,shardTotal1
2024-02-07 17:36:39,008 ERROR [xxl-job, JobThread-2-1707298065131][SampleXxlJob.java:67] - shardIndex0,shardTotal1
2024-02-07 17:36:42,005 ERROR [xxl-job, JobThread-2-1707298065131][SampleXxlJob.java:67] - shardIndex0,shardTotal1
2024-02-07 17:36:45,004 ERROR [xxl-job, JobThread-2-1707298065131][SampleXxlJob.java:67] - shardIndex0,shardTotal1
2024-02-07 17:36:48,005 ERROR [xxl-job, JobThread-2-1707298065131][SampleXxlJob.java:67] - shardIndex0,shardTotal1
2024-02-07 17:36:51,003 ERROR [xxl-job, JobThread-2-1707298065131][SampleXxlJob.java:67] - shardIndex0,shardTotal1
2024-02-07 17:36:54,008 ERROR [xxl-job, JobThread-2-1707298065131][SampleXxlJob.java:67] - shardIndex0,shardTotal1
2024-02-07 17:36:57,004 ERROR [xxl-job, JobThread-2-1707298065131][SampleXxlJob.java:67] - shardIndex0,shardTotal1
2024-02-07 17:37:00,007 ERROR [xxl-job, JobThread-2-1707298065131][SampleXxlJob.java:67] - shardIndex0,shardTotal1
2024-02-07 17:37:03,003 ERROR [xxl-job, JobThread-2-1707298065131][SampleXxlJob.java:67] - shardIndex0,shardTotal1
2024-02-07 17:37:06,007 ERROR [xxl-job, JobThread-2-1707298065131][SampleXxlJob.java:67] - shardIndex0,shardTotal1
2024-02-07 17:37:09,007 ERROR [xxl-job, JobThread-2-1707298065131][SampleXxlJob.java:67] - shardIndex0,shardTotal1
2024-02-07 17:37:12,004 ERROR [xxl-job, JobThread-2-1707298065131][SampleXxlJob.java:67] - shardIndex0,shardTotal1
2024-02-07 17:37:15,007 ERROR [xxl-job, JobThread-2-1707298065131][SampleXxlJob.java:67] - shardIndex0,shardTotal1
2024-02-07 17:37:18,005 ERROR [xxl-job, JobThread-2-1707298065131][SampleXxlJob.java:67] - shardIndex0,shardTotal1
2024-02-07 17:37:21,007 ERROR [xxl-job, JobThread-2-1707298065131][SampleXxlJob.java:67] - shardIndex0,shardTotal1
2024-02-07 17:37:24,009 ERROR [xxl-job, JobThread-2-1707298065131][SampleXxlJob.java:67] - shardIndex0,shardTotal1
2024-02-07 17:37:27,004 ERROR [xxl-job, JobThread-2-1707298065131][SampleXxlJob.java:67] - shardIndex0,shardTotal1
2024-02-07 17:37:30,004 ERROR [xxl-job, JobThread-2-1707298065131][SampleXxlJob.java:67] - shardIndex0,shardTotal1
2024-02-07 17:37:33,005 ERROR [xxl-job, JobThread-2-1707298065131][SampleXxlJob.java:67] - shardIndex0,shardTotal1
2024-02-07 17:37:36,007 ERROR [xxl-job, JobThread-2-1707298065131][SampleXxlJob.java:67] - shardIndex0,shardTotal1
2024-02-07 17:37:39,007 ERROR [xxl-job, JobThread-2-1707298065131][SampleXxlJob.java:67] - shardIndex0,shardTotal1
2024-02-07 17:37:42,003 ERROR [xxl-job, JobThread-2-1707298065131][SampleXxlJob.java:67] - shardIndex0,shardTotal1
2024-02-07 17:37:45,007 ERROR [xxl-job, JobThread-2-1707298065131][SampleXxlJob.java:67] - shardIndex0,shardTotal1
2024-02-07 17:37:48,004 ERROR [xxl-job, JobThread-2-1707298065131][SampleXxlJob.java:67] - shardIndex0,shardTotal1
2024-02-07 17:37:51,005 ERROR [xxl-job, JobThread-2-1707298065131][SampleXxlJob.java:67] - shardIndex0,shardTotal1
2024-02-07 17:37:54,005 ERROR [xxl-job, JobThread-2-1707298065131][SampleXxlJob.java:67] - shardIndex0,shardTotal1
2024-02-07 17:37:57,005 ERROR [xxl-job, JobThread-2-1707298065131][SampleXxlJob.java:67] - shardIndex0,shardTotal1
2024-02-07 17:38:00,007 ERROR [xxl-job, JobThread-2-1707298065131][SampleXxlJob.java:67] - shardIndex0,shardTotal1
2024-02-07 17:38:03,003 ERROR [xxl-job, JobThread-2-1707298065131][SampleXxlJob.java:67] - shardIndex0,shardTotal1
2024-02-07 17:38:06,006 ERROR [xxl-job, JobThread-2-1707298065131][SampleXxlJob.java:67] - shardIndex0,shardTotal1
2024-02-07 17:38:09,007 ERROR [xxl-job, JobThread-2-1707298065131][SampleXxlJob.java:67] - shardIndex0,shardTotal1
2024-02-07 17:38:12,004 ERROR [xxl-job, JobThread-2-1707298065131][SampleXxlJob.java:67] - shardIndex0,shardTotal1
2024-02-07 17:38:15,007 ERROR [xxl-job, JobThread-2-1707298065131][SampleXxlJob.java:67] - shardIndex0,shardTotal1
2024-02-07 17:38:18,005 ERROR [xxl-job, JobThread-2-1707298065131][SampleXxlJob.java:67] - shardIndex0,shardTotal1
2024-02-07 17:38:21,009 ERROR [xxl-job, JobThread-2-1707298065131][SampleXxlJob.java:67] - shardIndex0,shardTotal1
2024-02-07 17:38:24,007 ERROR [xxl-job, JobThread-2-1707298065131][SampleXxlJob.java:67] - shardIndex0,shardTotal1
2024-02-07 17:38:27,004 ERROR [xxl-job, JobThread-2-1707298065131][SampleXxlJob.java:67] - shardIndex0,shardTotal1
2024-02-07 17:38:30,007 ERROR [xxl-job, JobThread-2-1707298065131][SampleXxlJob.java:67] - shardIndex0,shardTotal1
2024-02-07 17:38:33,007 ERROR [xxl-job, JobThread-2-1707298065131][SampleXxlJob.java:67] - shardIndex0,shardTotal1
2024-02-07 17:38:36,004 ERROR [xxl-job, JobThread-2-1707298065131][SampleXxlJob.java:67] - shardIndex0,shardTotal1
2024-02-07 17:38:39,008 ERROR [xxl-job, JobThread-2-1707298065131][SampleXxlJob.java:67] - shardIndex0,shardTotal1
2024-02-07 17:38:42,005 ERROR [xxl-job, JobThread-2-1707298065131][SampleXxlJob.java:67] - shardIndex0,shardTotal1
2024-02-07 17:38:45,007 ERROR [xxl-job, JobThread-2-1707298065131][SampleXxlJob.java:67] - shardIndex0,shardTotal1
2024-02-07 17:38:48,005 ERROR [xxl-job, JobThread-2-1707298065131][SampleXxlJob.java:67] - shardIndex0,shardTotal1
2024-02-07 17:38:51,007 ERROR [xxl-job, JobThread-2-1707298065131][SampleXxlJob.java:67] - shardIndex0,shardTotal1
2024-02-07 17:38:54,005 ERROR [xxl-job, JobThread-2-1707298065131][SampleXxlJob.java:67] - shardIndex0,shardTotal1
2024-02-07 17:38:57,006 ERROR [xxl-job, JobThread-2-1707298065131][SampleXxlJob.java:67] - shardIndex0,shardTotal1
2024-02-07 17:39:00,005 ERROR [xxl-job, JobThread-2-1707298065131][SampleXxlJob.java:67] - shardIndex0,shardTotal1
2024-02-07 17:39:03,004 ERROR [xxl-job, JobThread-2-1707298065131][SampleXxlJob.java:67] - shardIndex0,shardTotal1
2024-02-07 17:39:06,005 ERROR [xxl-job, JobThread-2-1707298065131][SampleXxlJob.java:67] - shardIndex0,shardTotal1
2024-02-07 17:39:09,008 ERROR [xxl-job, JobThread-2-1707298065131][SampleXxlJob.java:67] - shardIndex0,shardTotal1
2024-02-07 17:39:12,005 ERROR [xxl-job, JobThread-2-1707298065131][SampleXxlJob.java:67] - shardIndex0,shardTotal1
2024-02-07 17:39:15,004 ERROR [xxl-job, JobThread-2-1707298065131][SampleXxlJob.java:67] - shardIndex0,shardTotal1
2024-02-07 17:39:18,004 ERROR [xxl-job, JobThread-2-1707298065131][SampleXxlJob.java:67] - shardIndex0,shardTotal1
2024-02-07 17:39:21,006 ERROR [xxl-job, JobThread-2-1707298065131][SampleXxlJob.java:67] - shardIndex0,shardTotal1
2024-02-07 17:39:24,009 ERROR [xxl-job, JobThread-2-1707298065131][SampleXxlJob.java:67] - shardIndex0,shardTotal1
2024-02-07 17:39:27,003 ERROR [xxl-job, JobThread-2-1707298065131][SampleXxlJob.java:67] - shardIndex0,shardTotal1
2024-02-07 17:39:30,004 ERROR [xxl-job, JobThread-2-1707298065131][SampleXxlJob.java:67] - shardIndex0,shardTotal1
2024-02-07 17:39:33,006 ERROR [xxl-job, JobThread-2-1707298065131][SampleXxlJob.java:67] - shardIndex0,shardTotal1
2024-02-07 17:39:36,006 ERROR [xxl-job, JobThread-2-1707298065131][SampleXxlJob.java:67] - shardIndex0,shardTotal1
2024-02-07 17:39:39,007 ERROR [xxl-job, JobThread-2-1707298065131][SampleXxlJob.java:67] - shardIndex0,shardTotal1
2024-02-07 17:39:42,004 ERROR [xxl-job, JobThread-2-1707298065131][SampleXxlJob.java:67] - shardIndex0,shardTotal1
2024-02-07 17:39:45,004 ERROR [xxl-job, JobThread-2-1707298065131][SampleXxlJob.java:67] - shardIndex0,shardTotal1
2024-02-07 17:39:48,004 ERROR [xxl-job, JobThread-2-1707298065131][SampleXxlJob.java:67] - shardIndex0,shardTotal1
2024-02-07 17:39:51,005 ERROR [xxl-job, JobThread-2-1707298065131][SampleXxlJob.java:67] - shardIndex0,shardTotal1
2024-02-07 17:39:54,005 ERROR [xxl-job, JobThread-2-1707298065131][SampleXxlJob.java:67] - shardIndex0,shardTotal1
2024-02-07 17:39:57,004 ERROR [xxl-job, JobThread-2-1707298065131][SampleXxlJob.java:67] - shardIndex0,shardTotal1
2024-02-07 17:40:00,005 ERROR [xxl-job, JobThread-2-1707298065131][SampleXxlJob.java:67] - shardIndex0,shardTotal1
2024-02-07 17:40:03,004 ERROR [xxl-job, JobThread-2-1707298065131][SampleXxlJob.java:67] - shardIndex0,shardTotal1
2024-02-07 17:40:06,007 ERROR [xxl-job, JobThread-2-1707298065131][SampleXxlJob.java:67] - shardIndex0,shardTotal1
2024-02-07 17:40:09,004 ERROR [xxl-job, JobThread-2-1707298065131][SampleXxlJob.java:67] - shardIndex0,shardTotal1
2024-02-07 17:40:12,004 ERROR [xxl-job, JobThread-2-1707298065131][SampleXxlJob.java:67] - shardIndex0,shardTotal1
2024-02-07 17:40:15,007 ERROR [xxl-job, JobThread-2-1707298065131][SampleXxlJob.java:67] - shardIndex0,shardTotal1
2024-02-07 17:40:18,004 ERROR [xxl-job, JobThread-2-1707298065131][SampleXxlJob.java:67] - shardIndex0,shardTotal1
2024-02-07 17:40:21,006 ERROR [xxl-job, JobThread-2-1707298065131][SampleXxlJob.java:67] - shardIndex0,shardTotal1
2024-02-07 17:40:24,006 ERROR [xxl-job, JobThread-2-1707298065131][SampleXxlJob.java:67] - shardIndex0,shardTotal1
2024-02-07 17:40:27,007 ERROR [xxl-job, JobThread-2-1707298065131][SampleXxlJob.java:67] - shardIndex0,shardTotal1
2024-02-07 17:40:30,011 ERROR [xxl-job, JobThread-2-1707298065131][SampleXxlJob.java:67] - shardIndex0,shardTotal1
2024-02-07 17:40:33,008 ERROR [xxl-job, JobThread-2-1707298065131][SampleXxlJob.java:67] - shardIndex0,shardTotal1
2024-02-07 17:40:36,008 ERROR [xxl-job, JobThread-2-1707298065131][SampleXxlJob.java:67] - shardIndex0,shardTotal1
2024-02-07 17:40:39,003 ERROR [xxl-job, JobThread-2-1707298065131][SampleXxlJob.java:67] - shardIndex0,shardTotal1
2024-02-07 17:40:42,004 ERROR [xxl-job, JobThread-2-1707298065131][SampleXxlJob.java:67] - shardIndex0,shardTotal1
2024-02-07 17:40:45,007 ERROR [xxl-job, JobThread-2-1707298065131][SampleXxlJob.java:67] - shardIndex0,shardTotal1
2024-02-07 17:40:48,004 ERROR [xxl-job, JobThread-2-1707298065131][SampleXxlJob.java:67] - shardIndex0,shardTotal1
2024-02-07 17:40:51,007 ERROR [xxl-job, JobThread-2-1707298065131][SampleXxlJob.java:67] - shardIndex0,shardTotal1
2024-02-07 17:40:54,006 ERROR [xxl-job, JobThread-2-1707298065131][SampleXxlJob.java:67] - shardIndex0,shardTotal1
2024-02-07 17:40:57,003 ERROR [xxl-job, JobThread-2-1707298065131][SampleXxlJob.java:67] - shardIndex0,shardTotal1
2024-02-07 17:41:00,008 ERROR [xxl-job, JobThread-2-1707298065131][SampleXxlJob.java:67] - shardIndex0,shardTotal1
2024-02-07 17:41:03,004 ERROR [xxl-job, JobThread-2-1707298065131][SampleXxlJob.java:67] - shardIndex0,shardTotal1
2024-02-07 17:41:06,006 ERROR [xxl-job, JobThread-2-1707298065131][SampleXxlJob.java:67] - shardIndex0,shardTotal1
2024-02-07 17:41:09,006 ERROR [xxl-job, JobThread-2-1707298065131][SampleXxlJob.java:67] - shardIndex0,shardTotal1
2024-02-07 17:41:12,006 ERROR [xxl-job, JobThread-2-1707298065131][SampleXxlJob.java:67] - shardIndex0,shardTotal1
2024-02-07 17:41:15,006 ERROR [xxl-job, JobThread-2-1707298065131][SampleXxlJob.java:67] - shardIndex0,shardTotal1
2024-02-07 17:41:18,004 ERROR [xxl-job, JobThread-2-1707298065131][SampleXxlJob.java:67] - shardIndex0,shardTotal1
2024-02-07 17:41:21,007 ERROR [xxl-job, JobThread-2-1707298065131][SampleXxlJob.java:67] - shardIndex0,shardTotal1
2024-02-07 17:41:24,004 ERROR [xxl-job, JobThread-2-1707298065131][SampleXxlJob.java:67] - shardIndex0,shardTotal1
2024-02-07 17:41:27,006 ERROR [xxl-job, JobThread-2-1707298065131][SampleXxlJob.java:67] - shardIndex0,shardTotal1
2024-02-07 17:41:30,007 ERROR [xxl-job, JobThread-2-1707298065131][SampleXxlJob.java:67] - shardIndex0,shardTotal1
2024-02-07 17:41:33,007 ERROR [xxl-job, JobThread-2-1707298065131][SampleXxlJob.java:67] - shardIndex0,shardTotal1
2024-02-07 17:41:36,007 ERROR [xxl-job, JobThread-2-1707298065131][SampleXxlJob.java:67] - shardIndex0,shardTotal1
2024-02-07 17:41:39,005 ERROR [xxl-job, JobThread-2-1707298065131][SampleXxlJob.java:67] - shardIndex0,shardTotal1
2024-02-07 17:41:42,005 ERROR [xxl-job, JobThread-2-1707298065131][SampleXxlJob.java:67] - shardIndex0,shardTotal1
2024-02-07 17:41:45,006 ERROR [xxl-job, JobThread-2-1707298065131][SampleXxlJob.java:67] - shardIndex0,shardTotal1
2024-02-07 17:41:48,004 ERROR [xxl-job, JobThread-2-1707298065131][SampleXxlJob.java:67] - shardIndex0,shardTotal1
2024-02-07 17:41:51,004 ERROR [xxl-job, JobThread-2-1707298065131][SampleXxlJob.java:67] - shardIndex0,shardTotal1
2024-02-07 17:41:54,006 ERROR [xxl-job, JobThread-2-1707298065131][SampleXxlJob.java:67] - shardIndex0,shardTotal1
2024-02-07 17:41:57,008 ERROR [xxl-job, JobThread-2-1707298065131][SampleXxlJob.java:67] - shardIndex0,shardTotal1
2024-02-07 17:42:00,008 ERROR [xxl-job, JobThread-2-1707298065131][SampleXxlJob.java:67] - shardIndex0,shardTotal1
2024-02-07 17:42:03,004 ERROR [xxl-job, JobThread-2-1707298065131][SampleXxlJob.java:67] - shardIndex0,shardTotal1
2024-02-07 17:42:06,005 ERROR [xxl-job, JobThread-2-1707298065131][SampleXxlJob.java:67] - shardIndex0,shardTotal1
2024-02-07 17:42:09,003 ERROR [xxl-job, JobThread-2-1707298065131][SampleXxlJob.java:67] - shardIndex0,shardTotal1
2024-02-07 17:42:12,007 ERROR [xxl-job, JobThread-2-1707298065131][SampleXxlJob.java:67] - shardIndex0,shardTotal1
2024-02-07 17:42:15,008 ERROR [xxl-job, JobThread-2-1707298065131][SampleXxlJob.java:67] - shardIndex0,shardTotal1
2024-02-07 17:42:18,004 ERROR [xxl-job, JobThread-2-1707298065131][SampleXxlJob.java:67] - shardIndex0,shardTotal1
2024-02-07 17:42:21,004 ERROR [xxl-job, JobThread-2-1707298065131][SampleXxlJob.java:67] - shardIndex0,shardTotal1
2024-02-07 17:42:24,005 ERROR [xxl-job, JobThread-2-1707298065131][SampleXxlJob.java:67] - shardIndex0,shardTotal1
2024-02-07 17:42:27,008 ERROR [xxl-job, JobThread-2-1707298065131][SampleXxlJob.java:67] - shardIndex0,shardTotal1
2024-02-07 17:42:30,009 ERROR [xxl-job, JobThread-2-1707298065131][SampleXxlJob.java:67] - shardIndex0,shardTotal1
2024-02-07 17:42:33,007 ERROR [xxl-job, JobThread-2-1707298065131][SampleXxlJob.java:67] - shardIndex0,shardTotal1
2024-02-07 17:42:36,005 ERROR [xxl-job, JobThread-2-1707298065131][SampleXxlJob.java:67] - shardIndex0,shardTotal1
2024-02-07 17:42:39,004 ERROR [xxl-job, JobThread-2-1707298065131][SampleXxlJob.java:67] - shardIndex0,shardTotal1
2024-02-07 17:42:42,006 ERROR [xxl-job, JobThread-2-1707298065131][SampleXxlJob.java:67] - shardIndex0,shardTotal1
2024-02-07 17:42:45,007 ERROR [xxl-job, JobThread-2-1707298065131][SampleXxlJob.java:67] - shardIndex0,shardTotal1
2024-02-07 17:42:48,004 ERROR [xxl-job, JobThread-2-1707298065131][SampleXxlJob.java:67] - shardIndex0,shardTotal1
2024-02-07 17:42:51,005 ERROR [xxl-job, JobThread-2-1707298065131][SampleXxlJob.java:67] - shardIndex0,shardTotal1
2024-02-07 17:42:54,004 ERROR [xxl-job, JobThread-2-1707298065131][SampleXxlJob.java:67] - shardIndex0,shardTotal1
2024-02-07 17:42:57,008 ERROR [xxl-job, JobThread-2-1707298065131][SampleXxlJob.java:67] - shardIndex0,shardTotal1
2024-02-07 17:43:00,008 ERROR [xxl-job, JobThread-2-1707298065131][SampleXxlJob.java:67] - shardIndex0,shardTotal1
2024-02-07 17:43:03,004 ERROR [xxl-job, JobThread-2-1707298065131][SampleXxlJob.java:67] - shardIndex0,shardTotal1
2024-02-07 17:43:06,004 ERROR [xxl-job, JobThread-2-1707298065131][SampleXxlJob.java:67] - shardIndex0,shardTotal1
2024-02-07 17:43:09,004 ERROR [xxl-job, JobThread-2-1707298065131][SampleXxlJob.java:67] - shardIndex0,shardTotal1
2024-02-07 17:43:12,007 ERROR [xxl-job, JobThread-2-1707298065131][SampleXxlJob.java:67] - shardIndex0,shardTotal1
2024-02-07 17:43:15,007 ERROR [xxl-job, JobThread-2-1707298065131][SampleXxlJob.java:67] - shardIndex0,shardTotal1
2024-02-07 17:43:18,004 ERROR [xxl-job, JobThread-2-1707298065131][SampleXxlJob.java:67] - shardIndex0,shardTotal1
2024-02-07 17:43:21,004 ERROR [xxl-job, JobThread-2-1707298065131][SampleXxlJob.java:67] - shardIndex0,shardTotal1
2024-02-07 17:43:24,004 ERROR [xxl-job, JobThread-2-1707298065131][SampleXxlJob.java:67] - shardIndex0,shardTotal1
2024-02-07 17:43:27,006 ERROR [xxl-job, JobThread-2-1707298065131][SampleXxlJob.java:67] - shardIndex0,shardTotal1
2024-02-07 17:43:30,003 ERROR [xxl-job, JobThread-2-1707298065131][SampleXxlJob.java:67] - shardIndex0,shardTotal1
2024-02-07 17:43:33,007 ERROR [xxl-job, JobThread-2-1707298065131][SampleXxlJob.java:67] - shardIndex0,shardTotal1
2024-02-07 17:43:36,007 ERROR [xxl-job, JobThread-2-1707298065131][SampleXxlJob.java:67] - shardIndex0,shardTotal1
2024-02-07 17:43:39,003 ERROR [xxl-job, JobThread-2-1707298065131][SampleXxlJob.java:67] - shardIndex0,shardTotal1
2024-02-07 17:43:42,005 ERROR [xxl-job, JobThread-2-1707298065131][SampleXxlJob.java:67] - shardIndex0,shardTotal1
2024-02-07 17:43:45,007 ERROR [xxl-job, JobThread-2-1707298065131][SampleXxlJob.java:67] - shardIndex0,shardTotal1
2024-02-07 17:43:48,003 ERROR [xxl-job, JobThread-2-1707298065131][SampleXxlJob.java:67] - shardIndex0,shardTotal1
2024-02-07 17:43:51,005 ERROR [xxl-job, JobThread-2-1707298065131][SampleXxlJob.java:67] - shardIndex0,shardTotal1
2024-02-07 17:43:54,006 ERROR [xxl-job, JobThread-2-1707298065131][SampleXxlJob.java:67] - shardIndex0,shardTotal1
2024-02-07 17:43:57,006 ERROR [xxl-job, JobThread-2-1707298065131][SampleXxlJob.java:67] - shardIndex0,shardTotal1
2024-02-07 17:44:00,007 ERROR [xxl-job, JobThread-2-1707298065131][SampleXxlJob.java:67] - shardIndex0,shardTotal1
2024-02-07 17:44:03,003 ERROR [xxl-job, JobThread-2-1707298065131][SampleXxlJob.java:67] - shardIndex0,shardTotal1
2024-02-07 17:44:06,007 ERROR [xxl-job, JobThread-2-1707298065131][SampleXxlJob.java:67] - shardIndex0,shardTotal1
2024-02-07 17:44:09,004 ERROR [xxl-job, JobThread-2-1707298065131][SampleXxlJob.java:67] - shardIndex0,shardTotal1
2024-02-07 17:44:12,007 ERROR [xxl-job, JobThread-2-1707298065131][SampleXxlJob.java:67] - shardIndex0,shardTotal1
2024-02-07 17:44:15,007 ERROR [xxl-job, JobThread-2-1707298065131][SampleXxlJob.java:67] - shardIndex0,shardTotal1
2024-02-07 17:44:18,004 ERROR [xxl-job, JobThread-2-1707298065131][SampleXxlJob.java:67] - shardIndex0,shardTotal1
2024-02-07 17:44:21,006 ERROR [xxl-job, JobThread-2-1707298065131][SampleXxlJob.java:67] - shardIndex0,shardTotal1
2024-02-07 17:44:24,004 ERROR [xxl-job, JobThread-2-1707298065131][SampleXxlJob.java:67] - shardIndex0,shardTotal1
2024-02-07 17:44:27,008 ERROR [xxl-job, JobThread-2-1707298065131][SampleXxlJob.java:67] - shardIndex0,shardTotal1
2024-02-07 17:44:30,009 ERROR [xxl-job, JobThread-2-1707298065131][SampleXxlJob.java:67] - shardIndex0,shardTotal1
2024-02-07 17:44:33,008 ERROR [xxl-job, JobThread-2-1707298065131][SampleXxlJob.java:67] - shardIndex0,shardTotal1
2024-02-07 17:44:36,007 ERROR [xxl-job, JobThread-2-1707298065131][SampleXxlJob.java:67] - shardIndex0,shardTotal1
2024-02-07 17:44:39,004 ERROR [xxl-job, JobThread-2-1707298065131][SampleXxlJob.java:67] - shardIndex0,shardTotal1
2024-02-07 17:44:42,007 ERROR [xxl-job, JobThread-2-1707298065131][SampleXxlJob.java:67] - shardIndex0,shardTotal1
2024-02-07 17:44:45,007 ERROR [xxl-job, JobThread-2-1707298065131][SampleXxlJob.java:67] - shardIndex0,shardTotal1
2024-02-07 17:44:48,004 ERROR [xxl-job, JobThread-2-1707298065131][SampleXxlJob.java:67] - shardIndex0,shardTotal1
2024-02-07 17:44:51,007 ERROR [xxl-job, JobThread-2-1707298065131][SampleXxlJob.java:67] - shardIndex0,shardTotal1
2024-02-07 17:44:54,006 ERROR [xxl-job, JobThread-2-1707298065131][SampleXxlJob.java:67] - shardIndex0,shardTotal1
2024-02-07 17:44:57,008 ERROR [xxl-job, JobThread-2-1707298065131][SampleXxlJob.java:67] - shardIndex0,shardTotal1
2024-02-07 17:45:00,005 ERROR [xxl-job, JobThread-2-1707298065131][SampleXxlJob.java:67] - shardIndex0,shardTotal1
2024-02-07 17:45:03,004 ERROR [xxl-job, JobThread-2-1707298065131][SampleXxlJob.java:67] - shardIndex0,shardTotal1
2024-02-07 17:45:06,009 ERROR [xxl-job, JobThread-2-1707298065131][SampleXxlJob.java:67] - shardIndex0,shardTotal1
2024-02-07 17:45:09,004 ERROR [xxl-job, JobThread-2-1707298065131][SampleXxlJob.java:67] - shardIndex0,shardTotal1
2024-02-07 17:45:12,007 ERROR [xxl-job, JobThread-2-1707298065131][SampleXxlJob.java:67] - shardIndex0,shardTotal1
2024-02-07 17:45:15,007 ERROR [xxl-job, JobThread-2-1707298065131][SampleXxlJob.java:67] - shardIndex0,shardTotal1
2024-02-07 17:45:18,005 ERROR [xxl-job, JobThread-2-1707298065131][SampleXxlJob.java:67] - shardIndex0,shardTotal1
2024-02-07 17:45:21,007 ERROR [xxl-job, JobThread-2-1707298065131][SampleXxlJob.java:67] - shardIndex0,shardTotal1
2024-02-07 17:45:24,003 ERROR [xxl-job, JobThread-2-1707298065131][SampleXxlJob.java:67] - shardIndex0,shardTotal1
2024-02-07 17:45:27,007 ERROR [xxl-job, JobThread-2-1707298065131][SampleXxlJob.java:67] - shardIndex0,shardTotal1
2024-02-07 17:45:30,007 ERROR [xxl-job, JobThread-2-1707298065131][SampleXxlJob.java:67] - shardIndex0,shardTotal1
2024-02-07 17:45:33,005 ERROR [xxl-job, JobThread-2-1707298065131][SampleXxlJob.java:67] - shardIndex0,shardTotal1
2024-02-07 17:45:36,003 ERROR [xxl-job, JobThread-2-1707298065131][SampleXxlJob.java:67] - shardIndex0,shardTotal1
2024-02-07 17:45:39,003 ERROR [xxl-job, JobThread-2-1707298065131][SampleXxlJob.java:67] - shardIndex0,shardTotal1
2024-02-07 17:45:42,003 ERROR [xxl-job, JobThread-2-1707298065131][SampleXxlJob.java:67] - shardIndex0,shardTotal1
2024-02-07 17:45:45,006 ERROR [xxl-job, JobThread-2-1707298065131][SampleXxlJob.java:67] - shardIndex0,shardTotal1
2024-02-07 17:45:48,004 ERROR [xxl-job, JobThread-2-1707298065131][SampleXxlJob.java:67] - shardIndex0,shardTotal1
2024-02-07 17:45:51,005 ERROR [xxl-job, JobThread-2-1707298065131][SampleXxlJob.java:67] - shardIndex0,shardTotal1
2024-02-07 17:45:54,005 ERROR [xxl-job, JobThread-2-1707298065131][SampleXxlJob.java:67] - shardIndex0,shardTotal1
2024-02-07 17:45:57,005 ERROR [xxl-job, JobThread-2-1707298065131][SampleXxlJob.java:67] - shardIndex0,shardTotal1
2024-02-07 17:46:00,008 ERROR [xxl-job, JobThread-2-1707298065131][SampleXxlJob.java:67] - shardIndex0,shardTotal1
2024-02-07 17:46:03,005 ERROR [xxl-job, JobThread-2-1707298065131][SampleXxlJob.java:67] - shardIndex0,shardTotal1
2024-02-07 17:46:06,004 ERROR [xxl-job, JobThread-2-1707298065131][SampleXxlJob.java:67] - shardIndex0,shardTotal1
2024-02-07 17:46:09,005 ERROR [xxl-job, JobThread-2-1707298065131][SampleXxlJob.java:67] - shardIndex0,shardTotal1
2024-02-07 17:46:12,005 ERROR [xxl-job, JobThread-2-1707298065131][SampleXxlJob.java:67] - shardIndex0,shardTotal1
2024-02-07 17:46:15,003 ERROR [xxl-job, JobThread-2-1707298065131][SampleXxlJob.java:67] - shardIndex0,shardTotal1
2024-02-07 17:46:18,004 ERROR [xxl-job, JobThread-2-1707298065131][SampleXxlJob.java:67] - shardIndex0,shardTotal1
2024-02-07 17:46:21,004 ERROR [xxl-job, JobThread-2-1707298065131][SampleXxlJob.java:67] - shardIndex0,shardTotal1
2024-02-07 17:46:24,005 ERROR [xxl-job, JobThread-2-1707298065131][SampleXxlJob.java:67] - shardIndex0,shardTotal1
2024-02-07 17:46:27,004 ERROR [xxl-job, JobThread-2-1707298065131][SampleXxlJob.java:67] - shardIndex0,shardTotal1
2024-02-07 17:46:30,004 ERROR [xxl-job, JobThread-2-1707298065131][SampleXxlJob.java:67] - shardIndex0,shardTotal1
2024-02-07 17:46:33,006 ERROR [xxl-job, JobThread-2-1707298065131][SampleXxlJob.java:67] - shardIndex0,shardTotal1
2024-02-07 17:46:36,004 ERROR [xxl-job, JobThread-2-1707298065131][SampleXxlJob.java:67] - shardIndex0,shardTotal1
2024-02-07 17:46:39,005 ERROR [xxl-job, JobThread-2-1707298065131][SampleXxlJob.java:67] - shardIndex0,shardTotal1
2024-02-07 17:46:42,005 ERROR [xxl-job, JobThread-2-1707298065131][SampleXxlJob.java:67] - shardIndex0,shardTotal1
2024-02-07 17:46:45,007 ERROR [xxl-job, JobThread-2-1707298065131][SampleXxlJob.java:67] - shardIndex0,shardTotal1
2024-02-07 17:46:48,004 ERROR [xxl-job, JobThread-2-1707298065131][SampleXxlJob.java:67] - shardIndex0,shardTotal1
2024-02-07 17:46:51,007 ERROR [xxl-job, JobThread-2-1707298065131][SampleXxlJob.java:67] - shardIndex0,shardTotal1
2024-02-07 17:46:54,005 ERROR [xxl-job, JobThread-2-1707298065131][SampleXxlJob.java:67] - shardIndex0,shardTotal1
2024-02-07 17:46:57,008 ERROR [xxl-job, JobThread-2-1707298065131][SampleXxlJob.java:67] - shardIndex0,shardTotal1
2024-02-07 17:47:00,007 ERROR [xxl-job, JobThread-2-1707298065131][SampleXxlJob.java:67] - shardIndex0,shardTotal1
2024-02-07 17:47:03,006 ERROR [xxl-job, JobThread-2-1707298065131][SampleXxlJob.java:67] - shardIndex0,shardTotal1
2024-02-07 17:47:06,004 ERROR [xxl-job, JobThread-2-1707298065131][SampleXxlJob.java:67] - shardIndex0,shardTotal1
2024-02-07 17:47:09,005 ERROR [xxl-job, JobThread-2-1707298065131][SampleXxlJob.java:67] - shardIndex0,shardTotal1
2024-02-07 17:47:12,006 ERROR [xxl-job, JobThread-2-1707298065131][SampleXxlJob.java:67] - shardIndex0,shardTotal1
2024-02-07 17:47:15,006 ERROR [xxl-job, JobThread-2-1707298065131][SampleXxlJob.java:67] - shardIndex0,shardTotal1
2024-02-07 17:47:18,003 ERROR [xxl-job, JobThread-2-1707298065131][SampleXxlJob.java:67] - shardIndex0,shardTotal1
2024-02-07 17:47:21,007 ERROR [xxl-job, JobThread-2-1707298065131][SampleXxlJob.java:67] - shardIndex0,shardTotal1
2024-02-07 17:47:24,005 ERROR [xxl-job, JobThread-2-1707298065131][SampleXxlJob.java:67] - shardIndex0,shardTotal1
2024-02-07 17:47:27,007 ERROR [xxl-job, JobThread-2-1707298065131][SampleXxlJob.java:67] - shardIndex0,shardTotal1
2024-02-07 17:47:30,007 ERROR [xxl-job, JobThread-2-1707298065131][SampleXxlJob.java:67] - shardIndex0,shardTotal1
2024-02-07 17:47:33,006 ERROR [xxl-job, JobThread-2-1707298065131][SampleXxlJob.java:67] - shardIndex0,shardTotal1
2024-02-07 17:47:36,004 ERROR [xxl-job, JobThread-2-1707298065131][SampleXxlJob.java:67] - shardIndex0,shardTotal1
2024-02-07 17:47:39,003 ERROR [xxl-job, JobThread-2-1707298065131][SampleXxlJob.java:67] - shardIndex0,shardTotal1
2024-02-07 17:47:42,003 ERROR [xxl-job, JobThread-2-1707298065131][SampleXxlJob.java:67] - shardIndex0,shardTotal1
2024-02-07 17:47:45,007 ERROR [xxl-job, JobThread-2-1707298065131][SampleXxlJob.java:67] - shardIndex0,shardTotal1
2024-02-07 17:47:48,003 ERROR [xxl-job, JobThread-2-1707298065131][SampleXxlJob.java:67] - shardIndex0,shardTotal1
2024-02-07 17:47:51,006 ERROR [xxl-job, JobThread-2-1707298065131][SampleXxlJob.java:67] - shardIndex0,shardTotal1
2024-02-07 17:47:54,005 ERROR [xxl-job, JobThread-2-1707298065131][SampleXxlJob.java:67] - shardIndex0,shardTotal1
2024-02-07 17:47:57,007 ERROR [xxl-job, JobThread-2-1707298065131][SampleXxlJob.java:67] - shardIndex0,shardTotal1
2024-02-07 17:48:00,007 ERROR [xxl-job, JobThread-2-1707298065131][SampleXxlJob.java:67] - shardIndex0,shardTotal1
2024-02-07 17:48:03,003 ERROR [xxl-job, JobThread-2-1707298065131][SampleXxlJob.java:67] - shardIndex0,shardTotal1
2024-02-07 17:48:06,006 ERROR [xxl-job, JobThread-2-1707298065131][SampleXxlJob.java:67] - shardIndex0,shardTotal1
2024-02-07 17:48:09,005 ERROR [xxl-job, JobThread-2-1707298065131][SampleXxlJob.java:67] - shardIndex0,shardTotal1
2024-02-07 17:48:12,004 ERROR [xxl-job, JobThread-2-1707298065131][SampleXxlJob.java:67] - shardIndex0,shardTotal1
2024-02-07 17:48:15,007 ERROR [xxl-job, JobThread-2-1707298065131][SampleXxlJob.java:67] - shardIndex0,shardTotal1
2024-02-07 17:48:18,003 ERROR [xxl-job, JobThread-2-1707298065131][SampleXxlJob.java:67] - shardIndex0,shardTotal1
2024-02-07 17:48:21,007 ERROR [xxl-job, JobThread-2-1707298065131][SampleXxlJob.java:67] - shardIndex0,shardTotal1
2024-02-07 17:48:24,003 ERROR [xxl-job, JobThread-2-1707298065131][SampleXxlJob.java:67] - shardIndex0,shardTotal1
2024-02-07 17:48:27,007 ERROR [xxl-job, JobThread-2-1707298065131][SampleXxlJob.java:67] - shardIndex0,shardTotal1
2024-02-07 17:48:30,007 ERROR [xxl-job, JobThread-2-1707298065131][SampleXxlJob.java:67] - shardIndex0,shardTotal1
2024-02-07 17:48:33,005 ERROR [xxl-job, JobThread-2-1707298065131][SampleXxlJob.java:67] - shardIndex0,shardTotal1
2024-02-07 17:48:36,007 ERROR [xxl-job, JobThread-2-1707298065131][SampleXxlJob.java:67] - shardIndex0,shardTotal1
2024-02-07 17:48:39,005 ERROR [xxl-job, JobThread-2-1707298065131][SampleXxlJob.java:67] - shardIndex0,shardTotal1
2024-02-07 17:48:42,007 ERROR [xxl-job, JobThread-2-1707298065131][SampleXxlJob.java:67] - shardIndex0,shardTotal1
2024-02-07 17:48:45,003 ERROR [xxl-job, JobThread-2-1707298065131][SampleXxlJob.java:67] - shardIndex0,shardTotal1
2024-02-07 17:48:48,004 ERROR [xxl-job, JobThread-2-1707298065131][SampleXxlJob.java:67] - shardIndex0,shardTotal1
2024-02-07 17:48:51,008 ERROR [xxl-job, JobThread-2-1707298065131][SampleXxlJob.java:67] - shardIndex0,shardTotal1
2024-02-07 17:48:54,005 ERROR [xxl-job, JobThread-2-1707298065131][SampleXxlJob.java:67] - shardIndex0,shardTotal1
2024-02-07 17:48:57,007 ERROR [xxl-job, JobThread-2-1707298065131][SampleXxlJob.java:67] - shardIndex0,shardTotal1
2024-02-07 17:49:00,009 ERROR [xxl-job, JobThread-2-1707298065131][SampleXxlJob.java:67] - shardIndex0,shardTotal1
2024-02-07 17:49:03,004 ERROR [xxl-job, JobThread-2-1707298065131][SampleXxlJob.java:67] - shardIndex0,shardTotal1
2024-02-07 17:49:06,006 ERROR [xxl-job, JobThread-2-1707298065131][SampleXxlJob.java:67] - shardIndex0,shardTotal1
2024-02-07 17:49:09,008 ERROR [xxl-job, JobThread-2-1707298065131][SampleXxlJob.java:67] - shardIndex0,shardTotal1
2024-02-07 17:49:12,007 ERROR [xxl-job, JobThread-2-1707298065131][SampleXxlJob.java:67] - shardIndex0,shardTotal1
2024-02-07 17:49:15,004 ERROR [xxl-job, JobThread-2-1707298065131][SampleXxlJob.java:67] - shardIndex0,shardTotal1
2024-02-07 17:49:18,003 ERROR [xxl-job, JobThread-2-1707298065131][SampleXxlJob.java:67] - shardIndex0,shardTotal1
2024-02-07 17:49:21,007 ERROR [xxl-job, JobThread-2-1707298065131][SampleXxlJob.java:67] - shardIndex0,shardTotal1
2024-02-07 17:49:24,004 ERROR [xxl-job, JobThread-2-1707298065131][SampleXxlJob.java:67] - shardIndex0,shardTotal1
2024-02-07 17:49:27,007 ERROR [xxl-job, JobThread-2-1707298065131][SampleXxlJob.java:67] - shardIndex0,shardTotal1
2024-02-07 17:49:30,008 ERROR [xxl-job, JobThread-2-1707298065131][SampleXxlJob.java:67] - shardIndex0,shardTotal1
2024-02-07 17:49:33,005 ERROR [xxl-job, JobThread-2-1707298065131][SampleXxlJob.java:67] - shardIndex0,shardTotal1
2024-02-07 17:49:36,007 ERROR [xxl-job, JobThread-2-1707298065131][SampleXxlJob.java:67] - shardIndex0,shardTotal1
2024-02-07 17:49:39,008 ERROR [xxl-job, JobThread-2-1707298065131][SampleXxlJob.java:67] - shardIndex0,shardTotal1
2024-02-07 17:49:42,008 ERROR [xxl-job, JobThread-2-1707298065131][SampleXxlJob.java:67] - shardIndex0,shardTotal1
2024-02-07 17:49:45,004 ERROR [xxl-job, JobThread-2-1707298065131][SampleXxlJob.java:67] - shardIndex0,shardTotal1
2024-02-07 17:49:48,003 ERROR [xxl-job, JobThread-2-1707298065131][SampleXxlJob.java:67] - shardIndex0,shardTotal1
2024-02-07 17:49:51,007 ERROR [xxl-job, JobThread-2-1707298065131][SampleXxlJob.java:67] - shardIndex0,shardTotal1
2024-02-07 17:49:54,012 ERROR [xxl-job, JobThread-2-1707298065131][SampleXxlJob.java:67] - shardIndex0,shardTotal1
2024-02-07 17:49:57,007 ERROR [xxl-job, JobThread-2-1707298065131][SampleXxlJob.java:67] - shardIndex0,shardTotal1
2024-02-07 17:50:00,008 ERROR [xxl-job, JobThread-2-1707298065131][SampleXxlJob.java:67] - shardIndex0,shardTotal1
2024-02-07 17:50:03,004 ERROR [xxl-job, JobThread-2-1707298065131][SampleXxlJob.java:67] - shardIndex0,shardTotal1
2024-02-07 17:50:06,007 ERROR [xxl-job, JobThread-2-1707298065131][SampleXxlJob.java:67] - shardIndex0,shardTotal1
2024-02-07 17:50:09,006 ERROR [xxl-job, JobThread-2-1707298065131][SampleXxlJob.java:67] - shardIndex0,shardTotal1
2024-02-07 17:50:12,007 ERROR [xxl-job, JobThread-2-1707298065131][SampleXxlJob.java:67] - shardIndex0,shardTotal1
2024-02-07 17:50:15,008 ERROR [xxl-job, JobThread-2-1707298065131][SampleXxlJob.java:67] - shardIndex0,shardTotal1
2024-02-07 17:50:18,004 ERROR [xxl-job, JobThread-2-1707298065131][SampleXxlJob.java:67] - shardIndex0,shardTotal1
2024-02-07 17:50:21,007 ERROR [xxl-job, JobThread-2-1707298065131][SampleXxlJob.java:67] - shardIndex0,shardTotal1
2024-02-07 17:50:24,006 ERROR [xxl-job, JobThread-2-1707298065131][SampleXxlJob.java:67] - shardIndex0,shardTotal1
2024-02-07 17:50:27,008 ERROR [xxl-job, JobThread-2-1707298065131][SampleXxlJob.java:67] - shardIndex0,shardTotal1
2024-02-07 17:50:30,008 ERROR [xxl-job, JobThread-2-1707298065131][SampleXxlJob.java:67] - shardIndex0,shardTotal1
2024-02-07 17:50:33,007 ERROR [xxl-job, JobThread-2-1707298065131][SampleXxlJob.java:67] - shardIndex0,shardTotal1
2024-02-07 17:50:36,008 ERROR [xxl-job, JobThread-2-1707298065131][SampleXxlJob.java:67] - shardIndex0,shardTotal1
2024-02-07 17:50:39,007 ERROR [xxl-job, JobThread-2-1707298065131][SampleXxlJob.java:67] - shardIndex0,shardTotal1
2024-02-07 17:50:42,004 ERROR [xxl-job, JobThread-2-1707298065131][SampleXxlJob.java:67] - shardIndex0,shardTotal1
2024-02-07 17:50:45,007 ERROR [xxl-job, JobThread-2-1707298065131][SampleXxlJob.java:67] - shardIndex0,shardTotal1
2024-02-07 17:50:48,004 ERROR [xxl-job, JobThread-2-1707298065131][SampleXxlJob.java:67] - shardIndex0,shardTotal1
2024-02-07 17:50:51,007 ERROR [xxl-job, JobThread-2-1707298065131][SampleXxlJob.java:67] - shardIndex0,shardTotal1
2024-02-07 17:50:54,005 ERROR [xxl-job, JobThread-2-1707298065131][SampleXxlJob.java:67] - shardIndex0,shardTotal1
2024-02-07 17:50:57,007 ERROR [xxl-job, JobThread-2-1707298065131][SampleXxlJob.java:67] - shardIndex0,shardTotal1
2024-02-07 17:51:00,008 ERROR [xxl-job, JobThread-2-1707298065131][SampleXxlJob.java:67] - shardIndex0,shardTotal1
2024-02-07 17:51:03,003 ERROR [xxl-job, JobThread-2-1707298065131][SampleXxlJob.java:67] - shardIndex0,shardTotal1
2024-02-07 17:51:06,007 ERROR [xxl-job, JobThread-2-1707298065131][SampleXxlJob.java:67] - shardIndex0,shardTotal1
2024-02-07 17:51:09,007 ERROR [xxl-job, JobThread-2-1707298065131][SampleXxlJob.java:67] - shardIndex0,shardTotal1
2024-02-07 17:51:12,006 ERROR [xxl-job, JobThread-2-1707298065131][SampleXxlJob.java:67] - shardIndex0,shardTotal1
2024-02-07 17:51:15,004 ERROR [xxl-job, JobThread-2-1707298065131][SampleXxlJob.java:67] - shardIndex0,shardTotal1
2024-02-07 17:51:18,003 ERROR [xxl-job, JobThread-2-1707298065131][SampleXxlJob.java:67] - shardIndex0,shardTotal1
2024-02-07 17:51:21,005 ERROR [xxl-job, JobThread-2-1707298065131][SampleXxlJob.java:67] - shardIndex0,shardTotal1
2024-02-07 17:51:24,008 ERROR [xxl-job, JobThread-2-1707298065131][SampleXxlJob.java:67] - shardIndex0,shardTotal1
2024-02-07 17:51:27,007 ERROR [xxl-job, JobThread-2-1707298065131][SampleXxlJob.java:67] - shardIndex0,shardTotal1
2024-02-07 17:51:30,008 ERROR [xxl-job, JobThread-2-1707298065131][SampleXxlJob.java:67] - shardIndex0,shardTotal1
2024-02-07 17:51:33,007 ERROR [xxl-job, JobThread-2-1707298065131][SampleXxlJob.java:67] - shardIndex0,shardTotal1
2024-02-07 17:51:36,007 ERROR [xxl-job, JobThread-2-1707298065131][SampleXxlJob.java:67] - shardIndex0,shardTotal1
2024-02-07 17:51:39,008 ERROR [xxl-job, JobThread-2-1707298065131][SampleXxlJob.java:67] - shardIndex0,shardTotal1
2024-02-07 17:51:42,007 ERROR [xxl-job, JobThread-2-1707298065131][SampleXxlJob.java:67] - shardIndex0,shardTotal1
2024-02-07 17:51:45,007 ERROR [xxl-job, JobThread-2-1707298065131][SampleXxlJob.java:67] - shardIndex0,shardTotal1
2024-02-07 17:51:48,003 ERROR [xxl-job, JobThread-2-1707298065131][SampleXxlJob.java:67] - shardIndex0,shardTotal1
2024-02-07 17:51:51,009 ERROR [xxl-job, JobThread-2-1707298065131][SampleXxlJob.java:67] - shardIndex0,shardTotal1
2024-02-07 17:51:54,006 ERROR [xxl-job, JobThread-2-1707298065131][SampleXxlJob.java:67] - shardIndex0,shardTotal1
2024-02-07 17:51:57,007 ERROR [xxl-job, JobThread-2-1707298065131][SampleXxlJob.java:67] - shardIndex0,shardTotal1
2024-02-07 17:52:00,007 ERROR [xxl-job, JobThread-2-1707298065131][SampleXxlJob.java:67] - shardIndex0,shardTotal1
2024-02-07 17:52:03,003 ERROR [xxl-job, JobThread-2-1707298065131][SampleXxlJob.java:67] - shardIndex0,shardTotal1
2024-02-07 17:52:06,005 ERROR [xxl-job, JobThread-2-1707298065131][SampleXxlJob.java:67] - shardIndex0,shardTotal1
2024-02-07 17:52:09,007 ERROR [xxl-job, JobThread-2-1707298065131][SampleXxlJob.java:67] - shardIndex0,shardTotal1
2024-02-07 17:52:12,007 ERROR [xxl-job, JobThread-2-1707298065131][SampleXxlJob.java:67] - shardIndex0,shardTotal1
2024-02-07 17:52:15,007 ERROR [xxl-job, JobThread-2-1707298065131][SampleXxlJob.java:67] - shardIndex0,shardTotal1
2024-02-07 17:52:18,004 ERROR [xxl-job, JobThread-2-1707298065131][SampleXxlJob.java:67] - shardIndex0,shardTotal1
2024-02-07 17:52:21,004 ERROR [xxl-job, JobThread-2-1707298065131][SampleXxlJob.java:67] - shardIndex0,shardTotal1
2024-02-07 17:52:24,008 ERROR [xxl-job, JobThread-2-1707298065131][SampleXxlJob.java:67] - shardIndex0,shardTotal1
2024-02-07 17:52:27,005 ERROR [xxl-job, JobThread-2-1707298065131][SampleXxlJob.java:67] - shardIndex0,shardTotal1
2024-02-07 17:52:30,005 ERROR [xxl-job, JobThread-2-1707298065131][SampleXxlJob.java:67] - shardIndex0,shardTotal1
2024-02-07 17:52:33,004 ERROR [xxl-job, JobThread-2-1707298065131][SampleXxlJob.java:67] - shardIndex0,shardTotal1
2024-02-07 17:52:36,005 ERROR [xxl-job, JobThread-2-1707298065131][SampleXxlJob.java:67] - shardIndex0,shardTotal1
2024-02-07 17:52:39,009 ERROR [xxl-job, JobThread-2-1707298065131][SampleXxlJob.java:67] - shardIndex0,shardTotal1
2024-02-07 17:52:42,005 ERROR [xxl-job, JobThread-2-1707298065131][SampleXxlJob.java:67] - shardIndex0,shardTotal1
2024-02-07 17:52:45,008 ERROR [xxl-job, JobThread-2-1707298065131][SampleXxlJob.java:67] - shardIndex0,shardTotal1
2024-02-07 17:52:48,004 ERROR [xxl-job, JobThread-2-1707298065131][SampleXxlJob.java:67] - shardIndex0,shardTotal1
2024-02-07 17:52:51,007 ERROR [xxl-job, JobThread-2-1707298065131][SampleXxlJob.java:67] - shardIndex0,shardTotal1
2024-02-07 17:52:54,005 ERROR [xxl-job, JobThread-2-1707298065131][SampleXxlJob.java:67] - shardIndex0,shardTotal1
2024-02-07 17:52:57,005 ERROR [xxl-job, JobThread-2-1707298065131][SampleXxlJob.java:67] - shardIndex0,shardTotal1
2024-02-07 17:53:00,005 ERROR [xxl-job, JobThread-2-1707298065131][SampleXxlJob.java:67] - shardIndex0,shardTotal1
2024-02-07 17:53:03,005 ERROR [xxl-job, JobThread-2-1707298065131][SampleXxlJob.java:67] - shardIndex0,shardTotal1
2024-02-07 17:53:06,004 ERROR [xxl-job, JobThread-2-1707298065131][SampleXxlJob.java:67] - shardIndex0,shardTotal1
2024-02-07 17:53:09,007 ERROR [xxl-job, JobThread-2-1707298065131][SampleXxlJob.java:67] - shardIndex0,shardTotal1
2024-02-07 17:53:12,004 ERROR [xxl-job, JobThread-2-1707298065131][SampleXxlJob.java:67] - shardIndex0,shardTotal1
2024-02-07 17:53:15,005 ERROR [xxl-job, JobThread-2-1707298065131][SampleXxlJob.java:67] - shardIndex0,shardTotal1
2024-02-07 17:53:18,004 ERROR [xxl-job, JobThread-2-1707298065131][SampleXxlJob.java:67] - shardIndex0,shardTotal1
2024-02-07 17:53:21,004 ERROR [xxl-job, JobThread-2-1707298065131][SampleXxlJob.java:67] - shardIndex0,shardTotal1
2024-02-07 17:53:24,007 ERROR [xxl-job, JobThread-2-1707298065131][SampleXxlJob.java:67] - shardIndex0,shardTotal1
2024-02-07 17:53:27,003 ERROR [xxl-job, JobThread-2-1707298065131][SampleXxlJob.java:67] - shardIndex0,shardTotal1
2024-02-07 17:53:30,008 ERROR [xxl-job, JobThread-2-1707298065131][SampleXxlJob.java:67] - shardIndex0,shardTotal1
2024-02-07 17:53:33,007 ERROR [xxl-job, JobThread-2-1707298065131][SampleXxlJob.java:67] - shardIndex0,shardTotal1
2024-02-07 17:53:36,004 ERROR [xxl-job, JobThread-2-1707298065131][SampleXxlJob.java:67] - shardIndex0,shardTotal1
2024-02-07 17:53:39,006 ERROR [xxl-job, JobThread-2-1707298065131][SampleXxlJob.java:67] - shardIndex0,shardTotal1
2024-02-07 17:53:42,004 ERROR [xxl-job, JobThread-2-1707298065131][SampleXxlJob.java:67] - shardIndex0,shardTotal1
2024-02-07 17:53:45,006 ERROR [xxl-job, JobThread-2-1707298065131][SampleXxlJob.java:67] - shardIndex0,shardTotal1
2024-02-07 17:53:48,003 ERROR [xxl-job, JobThread-2-1707298065131][SampleXxlJob.java:67] - shardIndex0,shardTotal1
2024-02-07 17:53:51,005 ERROR [xxl-job, JobThread-2-1707298065131][SampleXxlJob.java:67] - shardIndex0,shardTotal1
2024-02-07 17:53:54,008 ERROR [xxl-job, JobThread-2-1707298065131][SampleXxlJob.java:67] - shardIndex0,shardTotal1
2024-02-07 17:53:57,007 ERROR [xxl-job, JobThread-2-1707298065131][SampleXxlJob.java:67] - shardIndex0,shardTotal1
2024-02-07 17:54:00,010 ERROR [xxl-job, JobThread-2-1707298065131][SampleXxlJob.java:67] - shardIndex0,shardTotal1
2024-02-07 17:54:03,004 ERROR [xxl-job, JobThread-2-1707298065131][SampleXxlJob.java:67] - shardIndex0,shardTotal1
2024-02-07 17:54:10,559 ERROR [pool-528-thread-1][SampleXxlJob.java:149] - null
2024-02-07 17:54:12,005 ERROR [xxl-job, JobThread-2-1707298065131][SampleXxlJob.java:67] - shardIndex0,shardTotal1
2024-02-07 17:54:15,007 ERROR [xxl-job, JobThread-2-1707298065131][SampleXxlJob.java:67] - shardIndex0,shardTotal1
2024-02-07 17:54:18,005 ERROR [xxl-job, JobThread-2-1707298065131][SampleXxlJob.java:67] - shardIndex0,shardTotal1
2024-02-07 17:54:21,005 ERROR [xxl-job, JobThread-2-1707298065131][SampleXxlJob.java:67] - shardIndex0,shardTotal1
2024-02-07 17:54:24,008 ERROR [xxl-job, JobThread-2-1707298065131][SampleXxlJob.java:67] - shardIndex0,shardTotal1
2024-02-07 17:54:27,007 ERROR [xxl-job, JobThread-2-1707298065131][SampleXxlJob.java:67] - shardIndex0,shardTotal1
2024-02-07 17:54:30,008 ERROR [xxl-job, JobThread-2-1707298065131][SampleXxlJob.java:67] - shardIndex0,shardTotal1
2024-02-07 17:54:33,006 ERROR [xxl-job, JobThread-2-1707298065131][SampleXxlJob.java:67] - shardIndex0,shardTotal1
2024-02-07 17:54:36,005 ERROR [xxl-job, JobThread-2-1707298065131][SampleXxlJob.java:67] - shardIndex0,shardTotal1
2024-02-07 17:54:39,007 ERROR [xxl-job, JobThread-2-1707298065131][SampleXxlJob.java:67] - shardIndex0,shardTotal1
2024-02-07 17:54:42,007 ERROR [xxl-job, JobThread-2-1707298065131][SampleXxlJob.java:67] - shardIndex0,shardTotal1
2024-02-07 17:54:45,004 ERROR [xxl-job, JobThread-2-1707298065131][SampleXxlJob.java:67] - shardIndex0,shardTotal1
2024-02-07 17:54:48,003 ERROR [xxl-job, JobThread-2-1707298065131][SampleXxlJob.java:67] - shardIndex0,shardTotal1
2024-02-07 17:54:51,005 ERROR [xxl-job, JobThread-2-1707298065131][SampleXxlJob.java:67] - shardIndex0,shardTotal1
2024-02-07 17:54:54,007 ERROR [xxl-job, JobThread-2-1707298065131][SampleXxlJob.java:67] - shardIndex0,shardTotal1
2024-02-07 17:54:57,007 ERROR [xxl-job, JobThread-2-1707298065131][SampleXxlJob.java:67] - shardIndex0,shardTotal1
2024-02-07 17:55:00,008 ERROR [xxl-job, JobThread-2-1707298065131][SampleXxlJob.java:67] - shardIndex0,shardTotal1
2024-02-07 17:55:03,004 ERROR [xxl-job, JobThread-2-1707298065131][SampleXxlJob.java:67] - shardIndex0,shardTotal1
2024-02-07 17:55:06,005 ERROR [xxl-job, JobThread-2-1707298065131][SampleXxlJob.java:67] - shardIndex0,shardTotal1
2024-02-07 17:55:09,007 ERROR [xxl-job, JobThread-2-1707298065131][SampleXxlJob.java:67] - shardIndex0,shardTotal1
2024-02-07 17:55:12,007 ERROR [xxl-job, JobThread-2-1707298065131][SampleXxlJob.java:67] - shardIndex0,shardTotal1
2024-02-07 17:55:15,007 ERROR [xxl-job, JobThread-2-1707298065131][SampleXxlJob.java:67] - shardIndex0,shardTotal1
2024-02-07 17:55:18,004 ERROR [xxl-job, JobThread-2-1707298065131][SampleXxlJob.java:67] - shardIndex0,shardTotal1
2024-02-07 17:55:21,005 ERROR [xxl-job, JobThread-2-1707298065131][SampleXxlJob.java:67] - shardIndex0,shardTotal1
2024-02-07 17:55:24,007 ERROR [xxl-job, JobThread-2-1707298065131][SampleXxlJob.java:67] - shardIndex0,shardTotal1
2024-02-07 17:55:27,008 ERROR [xxl-job, JobThread-2-1707298065131][SampleXxlJob.java:67] - shardIndex0,shardTotal1
2024-02-07 17:55:30,005 ERROR [xxl-job, JobThread-2-1707298065131][SampleXxlJob.java:67] - shardIndex0,shardTotal1
2024-02-07 17:55:33,006 ERROR [xxl-job, JobThread-2-1707298065131][SampleXxlJob.java:67] - shardIndex0,shardTotal1
2024-02-07 17:55:36,005 ERROR [xxl-job, JobThread-2-1707298065131][SampleXxlJob.java:67] - shardIndex0,shardTotal1
2024-02-07 17:55:39,007 ERROR [xxl-job, JobThread-2-1707298065131][SampleXxlJob.java:67] - shardIndex0,shardTotal1
2024-02-07 17:55:42,008 ERROR [xxl-job, JobThread-2-1707298065131][SampleXxlJob.java:67] - shardIndex0,shardTotal1
2024-02-07 17:55:45,004 ERROR [xxl-job, JobThread-2-1707298065131][SampleXxlJob.java:67] - shardIndex0,shardTotal1
2024-02-07 17:55:48,004 ERROR [xxl-job, JobThread-2-1707298065131][SampleXxlJob.java:67] - shardIndex0,shardTotal1
2024-02-07 17:55:51,004 ERROR [xxl-job, JobThread-2-1707298065131][SampleXxlJob.java:67] - shardIndex0,shardTotal1
2024-02-07 17:55:54,009 ERROR [xxl-job, JobThread-2-1707298065131][SampleXxlJob.java:67] - shardIndex0,shardTotal1
2024-02-07 17:55:57,007 ERROR [xxl-job, JobThread-2-1707298065131][SampleXxlJob.java:67] - shardIndex0,shardTotal1
2024-02-07 17:56:00,013 ERROR [xxl-job, JobThread-2-1707298065131][SampleXxlJob.java:67] - shardIndex0,shardTotal1
2024-02-07 17:56:03,004 ERROR [xxl-job, JobThread-2-1707298065131][SampleXxlJob.java:67] - shardIndex0,shardTotal1
2024-02-07 17:56:06,003 ERROR [xxl-job, JobThread-2-1707298065131][SampleXxlJob.java:67] - shardIndex0,shardTotal1
2024-02-07 17:56:21,125 ERROR [xxl-job, JobThread-2-1707299781119][SampleXxlJob.java:67] - shardIndex0,shardTotal1
2024-02-07 17:56:24,010 ERROR [xxl-job, JobThread-2-1707299781119][SampleXxlJob.java:67] - shardIndex0,shardTotal1
2024-02-07 17:56:27,005 ERROR [xxl-job, JobThread-2-1707299781119][SampleXxlJob.java:67] - shardIndex0,shardTotal1
2024-02-07 17:56:30,008 ERROR [xxl-job, JobThread-2-1707299781119][SampleXxlJob.java:67] - shardIndex0,shardTotal1
2024-02-07 17:56:33,009 ERROR [xxl-job, JobThread-2-1707299781119][SampleXxlJob.java:67] - shardIndex0,shardTotal1
2024-02-07 17:56:36,005 ERROR [xxl-job, JobThread-2-1707299781119][SampleXxlJob.java:67] - shardIndex0,shardTotal1
2024-02-07 17:56:39,004 ERROR [xxl-job, JobThread-2-1707299781119][SampleXxlJob.java:67] - shardIndex0,shardTotal1
2024-02-07 17:56:42,009 ERROR [xxl-job, JobThread-2-1707299781119][SampleXxlJob.java:67] - shardIndex0,shardTotal1
2024-02-07 17:56:45,007 ERROR [xxl-job, JobThread-2-1707299781119][SampleXxlJob.java:67] - shardIndex0,shardTotal1
2024-02-07 17:56:48,006 ERROR [xxl-job, JobThread-2-1707299781119][SampleXxlJob.java:67] - shardIndex0,shardTotal1
2024-02-07 17:56:51,005 ERROR [xxl-job, JobThread-2-1707299781119][SampleXxlJob.java:67] - shardIndex0,shardTotal1
2024-02-07 17:56:54,005 ERROR [xxl-job, JobThread-2-1707299781119][SampleXxlJob.java:67] - shardIndex0,shardTotal1
2024-02-07 17:56:57,007 ERROR [xxl-job, JobThread-2-1707299781119][SampleXxlJob.java:67] - shardIndex0,shardTotal1
2024-02-07 17:57:00,006 ERROR [xxl-job, JobThread-2-1707299781119][SampleXxlJob.java:67] - shardIndex0,shardTotal1
2024-02-07 17:57:03,004 ERROR [xxl-job, JobThread-2-1707299781119][SampleXxlJob.java:67] - shardIndex0,shardTotal1
2024-02-07 17:57:06,004 ERROR [xxl-job, JobThread-2-1707299781119][SampleXxlJob.java:67] - shardIndex0,shardTotal1
2024-02-07 17:57:09,007 ERROR [xxl-job, JobThread-2-1707299781119][SampleXxlJob.java:67] - shardIndex0,shardTotal1
2024-02-07 17:57:12,008 ERROR [xxl-job, JobThread-2-1707299781119][SampleXxlJob.java:67] - shardIndex0,shardTotal1
2024-02-07 17:57:15,005 ERROR [xxl-job, JobThread-2-1707299781119][SampleXxlJob.java:67] - shardIndex0,shardTotal1
2024-02-07 17:57:18,004 ERROR [xxl-job, JobThread-2-1707299781119][SampleXxlJob.java:67] - shardIndex0,shardTotal1
2024-02-07 17:57:21,013 ERROR [xxl-job, JobThread-2-1707299781119][SampleXxlJob.java:67] - shardIndex0,shardTotal1
2024-02-07 17:57:24,008 ERROR [xxl-job, JobThread-2-1707299781119][SampleXxlJob.java:67] - shardIndex0,shardTotal1
2024-02-07 17:57:27,007 ERROR [xxl-job, JobThread-2-1707299781119][SampleXxlJob.java:67] - shardIndex0,shardTotal1
2024-02-07 17:57:30,008 ERROR [xxl-job, JobThread-2-1707299781119][SampleXxlJob.java:67] - shardIndex0,shardTotal1
2024-02-07 17:57:33,008 ERROR [xxl-job, JobThread-2-1707299781119][SampleXxlJob.java:67] - shardIndex0,shardTotal1
2024-02-07 17:57:36,006 ERROR [xxl-job, JobThread-2-1707299781119][SampleXxlJob.java:67] - shardIndex0,shardTotal1
2024-02-07 17:57:39,008 ERROR [xxl-job, JobThread-2-1707299781119][SampleXxlJob.java:67] - shardIndex0,shardTotal1
2024-02-07 17:57:42,009 ERROR [xxl-job, JobThread-2-1707299781119][SampleXxlJob.java:67] - shardIndex0,shardTotal1
2024-02-07 17:57:45,007 ERROR [xxl-job, JobThread-2-1707299781119][SampleXxlJob.java:67] - shardIndex0,shardTotal1
2024-02-07 17:57:48,004 ERROR [xxl-job, JobThread-2-1707299781119][SampleXxlJob.java:67] - shardIndex0,shardTotal1
2024-02-07 17:57:51,004 ERROR [xxl-job, JobThread-2-1707299781119][SampleXxlJob.java:67] - shardIndex0,shardTotal1
2024-02-07 17:57:54,011 ERROR [xxl-job, JobThread-2-1707299781119][SampleXxlJob.java:67] - shardIndex0,shardTotal1
2024-02-07 17:57:57,005 ERROR [xxl-job, JobThread-2-1707299781119][SampleXxlJob.java:67] - shardIndex0,shardTotal1
2024-02-07 17:58:00,006 ERROR [xxl-job, JobThread-2-1707299781119][SampleXxlJob.java:67] - shardIndex0,shardTotal1
2024-02-07 17:58:03,005 ERROR [xxl-job, JobThread-2-1707299781119][SampleXxlJob.java:67] - shardIndex0,shardTotal1
2024-02-07 17:58:06,005 ERROR [xxl-job, JobThread-2-1707299781119][SampleXxlJob.java:67] - shardIndex0,shardTotal1
2024-02-07 17:58:09,008 ERROR [xxl-job, JobThread-2-1707299781119][SampleXxlJob.java:67] - shardIndex0,shardTotal1
2024-02-07 17:58:12,007 ERROR [xxl-job, JobThread-2-1707299781119][SampleXxlJob.java:67] - shardIndex0,shardTotal1
2024-02-07 17:58:15,007 ERROR [xxl-job, JobThread-2-1707299781119][SampleXxlJob.java:67] - shardIndex0,shardTotal1
2024-02-07 17:58:18,031 ERROR [xxl-job, JobThread-2-1707299781119][SampleXxlJob.java:67] - shardIndex0,shardTotal1
2024-02-07 17:58:21,005 ERROR [xxl-job, JobThread-2-1707299781119][SampleXxlJob.java:67] - shardIndex0,shardTotal1
2024-02-07 17:58:24,016 ERROR [xxl-job, JobThread-2-1707299781119][SampleXxlJob.java:67] - shardIndex0,shardTotal1
2024-02-07 17:58:27,008 ERROR [xxl-job, JobThread-2-1707299781119][SampleXxlJob.java:67] - shardIndex0,shardTotal1
2024-02-07 17:58:30,005 ERROR [xxl-job, JobThread-2-1707299781119][SampleXxlJob.java:67] - shardIndex0,shardTotal1
2024-02-07 17:58:33,007 ERROR [xxl-job, JobThread-2-1707299781119][SampleXxlJob.java:67] - shardIndex0,shardTotal1
2024-02-07 17:58:36,005 ERROR [xxl-job, JobThread-2-1707299781119][SampleXxlJob.java:67] - shardIndex0,shardTotal1
2024-02-07 17:58:39,008 ERROR [xxl-job, JobThread-2-1707299781119][SampleXxlJob.java:67] - shardIndex0,shardTotal1
2024-02-07 17:58:42,008 ERROR [xxl-job, JobThread-2-1707299781119][SampleXxlJob.java:67] - shardIndex0,shardTotal1
2024-02-07 17:58:45,008 ERROR [xxl-job, JobThread-2-1707299781119][SampleXxlJob.java:67] - shardIndex0,shardTotal1
2024-02-07 17:58:48,004 ERROR [xxl-job, JobThread-2-1707299781119][SampleXxlJob.java:67] - shardIndex0,shardTotal1
2024-02-07 17:58:51,005 ERROR [xxl-job, JobThread-2-1707299781119][SampleXxlJob.java:67] - shardIndex0,shardTotal1
2024-02-07 17:58:54,009 ERROR [xxl-job, JobThread-2-1707299781119][SampleXxlJob.java:67] - shardIndex0,shardTotal1
2024-02-07 17:58:57,004 ERROR [xxl-job, JobThread-2-1707299781119][SampleXxlJob.java:67] - shardIndex0,shardTotal1
2024-02-07 17:59:00,005 ERROR [xxl-job, JobThread-2-1707299781119][SampleXxlJob.java:67] - shardIndex0,shardTotal1
2024-02-07 17:59:03,005 ERROR [xxl-job, JobThread-2-1707299781119][SampleXxlJob.java:67] - shardIndex0,shardTotal1
2024-02-07 17:59:06,004 ERROR [xxl-job, JobThread-2-1707299781119][SampleXxlJob.java:67] - shardIndex0,shardTotal1
2024-02-07 17:59:09,007 ERROR [xxl-job, JobThread-2-1707299781119][SampleXxlJob.java:67] - shardIndex0,shardTotal1
2024-02-07 17:59:12,005 ERROR [xxl-job, JobThread-2-1707299781119][SampleXxlJob.java:67] - shardIndex0,shardTotal1
2024-02-07 17:59:15,006 ERROR [xxl-job, JobThread-2-1707299781119][SampleXxlJob.java:67] - shardIndex0,shardTotal1
2024-02-07 17:59:18,004 ERROR [xxl-job, JobThread-2-1707299781119][SampleXxlJob.java:67] - shardIndex0,shardTotal1
2024-02-07 17:59:21,004 ERROR [xxl-job, JobThread-2-1707299781119][SampleXxlJob.java:67] - shardIndex0,shardTotal1
2024-02-07 17:59:24,007 ERROR [xxl-job, JobThread-2-1707299781119][SampleXxlJob.java:67] - shardIndex0,shardTotal1
2024-02-07 17:59:27,004 ERROR [xxl-job, JobThread-2-1707299781119][SampleXxlJob.java:67] - shardIndex0,shardTotal1
2024-02-07 17:59:30,004 ERROR [xxl-job, JobThread-2-1707299781119][SampleXxlJob.java:67] - shardIndex0,shardTotal1
2024-02-07 17:59:33,005 ERROR [xxl-job, JobThread-2-1707299781119][SampleXxlJob.java:67] - shardIndex0,shardTotal1
2024-02-07 17:59:36,005 ERROR [xxl-job, JobThread-2-1707299781119][SampleXxlJob.java:67] - shardIndex0,shardTotal1
2024-02-07 17:59:39,005 ERROR [xxl-job, JobThread-2-1707299781119][SampleXxlJob.java:67] - shardIndex0,shardTotal1
2024-02-07 17:59:42,007 ERROR [xxl-job, JobThread-2-1707299781119][SampleXxlJob.java:67] - shardIndex0,shardTotal1
2024-02-07 17:59:45,005 ERROR [xxl-job, JobThread-2-1707299781119][SampleXxlJob.java:67] - shardIndex0,shardTotal1
2024-02-07 17:59:48,006 ERROR [xxl-job, JobThread-2-1707299781119][SampleXxlJob.java:67] - shardIndex0,shardTotal1
2024-02-07 17:59:51,006 ERROR [xxl-job, JobThread-2-1707299781119][SampleXxlJob.java:67] - shardIndex0,shardTotal1
2024-02-07 17:59:54,008 ERROR [xxl-job, JobThread-2-1707299781119][SampleXxlJob.java:67] - shardIndex0,shardTotal1
2024-02-07 17:59:57,008 ERROR [xxl-job, JobThread-2-1707299781119][SampleXxlJob.java:67] - shardIndex0,shardTotal1
